2017/08/02 10:03:03 [error] [exception.CHttpException.404] CHttpException: Unable to resolve the request "libs/Blob.js/BlobBuilder.js". in /var/www/html/kritvapms/framework/web/CWebApplication.php:286
Stack trace:
#0 /var/www/html/kritvapms/framework/web/CWebApplication.php(141): CWebApplication->runController('libs/Blob.js/Bl...')
#1 /var/www/html/kritvapms/framework/base/CApplication.php(185): CWebApplication->processRequest()
#2 /var/www/html/kritvapms/index.php(14): CApplication->run()
#3 {main}
REQUEST_URI=/kritvapms/index.php/libs/Blob.js/BlobBuilder.js
HTTP_REFERER=http://52.172.210.251/kritvapms/index.php/Setgoals
---
2017/08/02 10:03:22 [error] [php] Uninitialized string offset: 0 (/var/www/html/kritvapms/protected/views/mail/kra_del_intemation.php:131)
Stack trace:
#0 /var/www/html/kritvapms/protected/controllers/SetgoalsController.php(1586): YiiMailMessage->setBody()
#1 /var/www/html/kritvapms/framework/web/actions/CInlineAction.php(49): SetgoalsController->actionkpi_del1()
#2 /var/www/html/kritvapms/framework/web/CController.php(308): CInlineAction->runWithParams()
#3 /var/www/html/kritvapms/framework/web/CController.php(286): SetgoalsController->runAction()
#4 /var/www/html/kritvapms/framework/web/CController.php(265): SetgoalsController->runActionWithFilters()
#5 /var/www/html/kritvapms/framework/web/CWebApplication.php(282): SetgoalsController->run()
#6 /var/www/html/kritvapms/framework/web/CWebApplication.php(141): CWebApplication->runController()
#7 /var/www/html/kritvapms/framework/base/CApplication.php(185): CWebApplication->processRequest()
#8 /var/www/html/kritvapms/index.php(14): CWebApplication->run()
REQUEST_URI=/kritvapms/index.php?r=Setgoals/kpi_del1
2017/08/02 10:03:30 [error] [exception.CHttpException.404] CHttpException: Unable to resolve the request "libs/Blob.js/BlobBuilder.js". in /var/www/html/kritvapms/framework/web/CWebApplication.php:286
Stack trace:
#0 /var/www/html/kritvapms/framework/web/CWebApplication.php(141): CWebApplication->runController('libs/Blob.js/Bl...')
#1 /var/www/html/kritvapms/framework/base/CApplication.php(185): CWebApplication->processRequest()
#2 /var/www/html/kritvapms/index.php(14): CApplication->run()
#3 {main}
REQUEST_URI=/kritvapms/index.php/libs/Blob.js/BlobBuilder.js
HTTP_REFERER=http://52.172.210.251/kritvapms/index.php/Setgoals
---
2017/08/02 10:03:35 [error] [exception.CHttpException.404] CHttpException: Unable to resolve the request "libs/Blob.js/BlobBuilder.js". in /var/www/html/kritvapms/framework/web/CWebApplication.php:286
Stack trace:
#0 /var/www/html/kritvapms/framework/web/CWebApplication.php(141): CWebApplication->runController('libs/Blob.js/Bl...')
#1 /var/www/html/kritvapms/framework/base/CApplication.php(185): CWebApplication->processRequest()
#2 /var/www/html/kritvapms/index.php(14): CApplication->run()
#3 {main}
REQUEST_URI=/kritvapms/index.php/libs/Blob.js/BlobBuilder.js
HTTP_REFERER=http://52.172.210.251/kritvapms/index.php/Setgoals
---
2017/08/02 10:08:49 [error] [exception.CHttpException.404] CHttpException: Unable to resolve the request "libs/Blob.js/BlobBuilder.js". in /var/www/html/kritvapms/framework/web/CWebApplication.php:286
Stack trace:
#0 /var/www/html/kritvapms/framework/web/CWebApplication.php(141): CWebApplication->runController('libs/Blob.js/Bl...')
#1 /var/www/html/kritvapms/framework/base/CApplication.php(185): CWebApplication->processRequest()
#2 /var/www/html/kritvapms/index.php(14): CApplication->run()
#3 {main}
REQUEST_URI=/kritvapms/index.php/libs/Blob.js/BlobBuilder.js
HTTP_REFERER=http://52.172.210.251/kritvapms/index.php/Setgoals
---
2017/08/02 10:08:51 [error] [exception.CHttpException.404] CHttpException: Unable to resolve the request "libs/Blob.js/BlobBuilder.js". in /var/www/html/kritvapms/framework/web/CWebApplication.php:286
Stack trace:
#0 /var/www/html/kritvapms/framework/web/CWebApplication.php(141): CWebApplication->runController('libs/Blob.js/Bl...')
#1 /var/www/html/kritvapms/framework/base/CApplication.php(185): CWebApplication->processRequest()
#2 /var/www/html/kritvapms/index.php(14): CApplication->run()
#3 {main}
REQUEST_URI=/kritvapms/index.php/libs/Blob.js/BlobBuilder.js
HTTP_REFERER=http://52.172.210.251/kritvapms/index.php/Setgoals
---
2017/08/02 10:10:19 [error] [exception.CHttpException.404] CHttpException: Unable to resolve the request "libs/Blob.js/BlobBuilder.js". in /var/www/html/kritvapms/framework/web/CWebApplication.php:286
Stack trace:
#0 /var/www/html/kritvapms/framework/web/CWebApplication.php(141): CWebApplication->runController('libs/Blob.js/Bl...')
#1 /var/www/html/kritvapms/framework/base/CApplication.php(185): CWebApplication->processRequest()
#2 /var/www/html/kritvapms/index.php(14): CApplication->run()
#3 {main}
REQUEST_URI=/kritvapms/index.php/libs/Blob.js/BlobBuilder.js
HTTP_REFERER=http://52.172.210.251/kritvapms/index.php/Setgoals
---
2017/08/02 10:10:21 [error] [exception.CHttpException.404] CHttpException: Unable to resolve the request "libs/Blob.js/BlobBuilder.js". in /var/www/html/kritvapms/framework/web/CWebApplication.php:286
Stack trace:
#0 /var/www/html/kritvapms/framework/web/CWebApplication.php(141): CWebApplication->runController('libs/Blob.js/Bl...')
#1 /var/www/html/kritvapms/framework/base/CApplication.php(185): CWebApplication->processRequest()
#2 /var/www/html/kritvapms/index.php(14): CApplication->run()
#3 {main}
REQUEST_URI=/kritvapms/index.php/libs/Blob.js/BlobBuilder.js
HTTP_REFERER=http://52.172.210.251/kritvapms/index.php/Setgoals
---
2017/08/02 10:10:43 [error] [php] Uninitialized string offset: 0 (/var/www/html/kritvapms/protected/views/mail/kra_del_intemation.php:131)
Stack trace:
#0 /var/www/html/kritvapms/protected/controllers/SetgoalsController.php(1586): YiiMailMessage->setBody()
#1 /var/www/html/kritvapms/framework/web/actions/CInlineAction.php(49): SetgoalsController->actionkpi_del1()
#2 /var/www/html/kritvapms/framework/web/CController.php(308): CInlineAction->runWithParams()
#3 /var/www/html/kritvapms/framework/web/CController.php(286): SetgoalsController->runAction()
#4 /var/www/html/kritvapms/framework/web/CController.php(265): SetgoalsController->runActionWithFilters()
#5 /var/www/html/kritvapms/framework/web/CWebApplication.php(282): SetgoalsController->run()
#6 /var/www/html/kritvapms/framework/web/CWebApplication.php(141): CWebApplication->runController()
#7 /var/www/html/kritvapms/framework/base/CApplication.php(185): CWebApplication->processRequest()
#8 /var/www/html/kritvapms/index.php(14): CWebApplication->run()
REQUEST_URI=/kritvapms/index.php?r=Setgoals/kpi_del1
2017/08/02 10:10:50 [error] [exception.CHttpException.404] CHttpException: Unable to resolve the request "libs/Blob.js/BlobBuilder.js". in /var/www/html/kritvapms/framework/web/CWebApplication.php:286
Stack trace:
#0 /var/www/html/kritvapms/framework/web/CWebApplication.php(141): CWebApplication->runController('libs/Blob.js/Bl...')
#1 /var/www/html/kritvapms/framework/base/CApplication.php(185): CWebApplication->processRequest()
#2 /var/www/html/kritvapms/index.php(14): CApplication->run()
#3 {main}
REQUEST_URI=/kritvapms/index.php/libs/Blob.js/BlobBuilder.js
HTTP_REFERER=http://52.172.210.251/kritvapms/index.php/Setgoals
---
2017/08/02 10:10:51 [error] [exception.CHttpException.404] CHttpException: Unable to resolve the request "libs/Blob.js/BlobBuilder.js". in /var/www/html/kritvapms/framework/web/CWebApplication.php:286
Stack trace:
#0 /var/www/html/kritvapms/framework/web/CWebApplication.php(141): CWebApplication->runController('libs/Blob.js/Bl...')
#1 /var/www/html/kritvapms/framework/base/CApplication.php(185): CWebApplication->processRequest()
#2 /var/www/html/kritvapms/index.php(14): CApplication->run()
#3 {main}
REQUEST_URI=/kritvapms/index.php/libs/Blob.js/BlobBuilder.js
HTTP_REFERER=http://52.172.210.251/kritvapms/index.php/Setgoals
---
2017/08/02 10:36:50 [error] [exception.CHttpException.404] CHttpException: Unable to resolve the request "favicon.ico". in /var/www/html/kritvapms/framework/web/CWebApplication.php:286
Stack trace:
#0 /var/www/html/kritvapms/framework/web/CWebApplication.php(141): CWebApplication->runController('favicon.ico')
#1 /var/www/html/kritvapms/framework/base/CApplication.php(185): CWebApplication->processRequest()
#2 /var/www/html/kritvapms/index.php(14): CApplication->run()
#3 {main}
REQUEST_URI=/kritvapms/index.php/favicon.ico
---
2017/08/02 11:28:21 [error] [php] Undefined offset: 0 (/var/www/html/kritvapms/protected/controllers/Admin_DashboardController.php:173)
Stack trace:
#0 /var/www/html/kritvapms/framework/web/CController.php(286): Admin_DashboardController->runAction()
#1 /var/www/html/kritvapms/framework/web/CController.php(265): Admin_DashboardController->runActionWithFilters()
#2 /var/www/html/kritvapms/framework/web/CWebApplication.php(282): Admin_DashboardController->run()
#3 /var/www/html/kritvapms/framework/web/CWebApplication.php(141): CWebApplication->runController()
#4 /var/www/html/kritvapms/framework/base/CApplication.php(185): CWebApplication->processRequest()
#5 /var/www/html/kritvapms/index.php(14): CWebApplication->run()
REQUEST_URI=/kritvapms/index.php?r=Admin_Dashboard
2017/08/02 11:30:53 [error] [php] Undefined offset: 0 (/var/www/html/kritvapms/protected/controllers/Admin_DashboardController.php:173)
Stack trace:
#0 /var/www/html/kritvapms/framework/web/CController.php(286): Admin_DashboardController->runAction()
#1 /var/www/html/kritvapms/framework/web/CController.php(265): Admin_DashboardController->runActionWithFilters()
#2 /var/www/html/kritvapms/framework/web/CWebApplication.php(282): Admin_DashboardController->run()
#3 /var/www/html/kritvapms/framework/web/CWebApplication.php(141): CWebApplication->runController()
#4 /var/www/html/kritvapms/framework/base/CApplication.php(185): CWebApplication->processRequest()
#5 /var/www/html/kritvapms/index.php(14): CWebApplication->run()
REQUEST_URI=/kritvapms/index.php?r=Admin_Dashboard
2017/08/02 11:35:13 [error] [php] Undefined offset: 0 (/var/www/html/kritvapms/protected/controllers/Admin_DashboardController.php:173)
Stack trace:
#0 /var/www/html/kritvapms/framework/web/CController.php(286): Admin_DashboardController->runAction()
#1 /var/www/html/kritvapms/framework/web/CController.php(265): Admin_DashboardController->runActionWithFilters()
#2 /var/www/html/kritvapms/framework/web/CWebApplication.php(282): Admin_DashboardController->run()
#3 /var/www/html/kritvapms/framework/web/CWebApplication.php(141): CWebApplication->runController()
#4 /var/www/html/kritvapms/framework/base/CApplication.php(185): CWebApplication->processRequest()
#5 /var/www/html/kritvapms/index.php(14): CWebApplication->run()
REQUEST_URI=/kritvapms/index.php?r=Admin_Dashboard
2017/08/02 11:36:17 [error] [php] Undefined offset: 0 (/var/www/html/kritvapms/protected/controllers/Admin_DashboardController.php:173)
Stack trace:
#0 /var/www/html/kritvapms/framework/web/CController.php(286): Admin_DashboardController->runAction()
#1 /var/www/html/kritvapms/framework/web/CController.php(265): Admin_DashboardController->runActionWithFilters()
#2 /var/www/html/kritvapms/framework/web/CWebApplication.php(282): Admin_DashboardController->run()
#3 /var/www/html/kritvapms/framework/web/CWebApplication.php(141): CWebApplication->runController()
#4 /var/www/html/kritvapms/framework/base/CApplication.php(185): CWebApplication->processRequest()
#5 /var/www/html/kritvapms/index.php(14): CWebApplication->run()
REQUEST_URI=/kritvapms/index.php?r=Admin_Dashboard
2017/08/02 11:37:47 [error] [php] Undefined offset: 0 (/var/www/html/kritvapms/protected/controllers/Admin_DashboardController.php:173)
Stack trace:
#0 /var/www/html/kritvapms/framework/web/CController.php(286): Admin_DashboardController->runAction()
#1 /var/www/html/kritvapms/framework/web/CController.php(265): Admin_DashboardController->runActionWithFilters()
#2 /var/www/html/kritvapms/framework/web/CWebApplication.php(282): Admin_DashboardController->run()
#3 /var/www/html/kritvapms/framework/web/CWebApplication.php(141): CWebApplication->runController()
#4 /var/www/html/kritvapms/framework/base/CApplication.php(185): CWebApplication->processRequest()
#5 /var/www/html/kritvapms/index.php(14): CWebApplication->run()
REQUEST_URI=/kritvapms/index.php?r=Admin_Dashboard
2017/08/02 11:41:40 [error] [exception.Swift_TransportException] Swift_TransportException: Failed to authenticate on SMTP server with username "demo.appraisel@gmail.com" using 2 possible authenticators in /var/www/html/kritvapms/protected/extensions/yii-mail/vendors/swiftMailer/classes/Swift/Transport/Esmtp/AuthHandler.php:179
Stack trace:
#0 /var/www/html/kritvapms/protected/extensions/yii-mail/vendors/swiftMailer/classes/Swift/Transport/EsmtpTransport.php(252): Swift_Transport_Esmtp_AuthHandler->afterEhlo(Object(Swift_SmtpTransport))
#1 /var/www/html/kritvapms/protected/extensions/yii-mail/vendors/swiftMailer/classes/Swift/Transport/AbstractSmtpTransport.php(108): Swift_Transport_EsmtpTransport->_doHeloCommand()
#2 /var/www/html/kritvapms/protected/extensions/yii-mail/vendors/swiftMailer/classes/Swift/Mailer.php(74): Swift_Transport_AbstractSmtpTransport->start()
#3 /var/www/html/kritvapms/protected/extensions/yii-mail/YiiMail.php(133): Swift_Mailer->send(Object(Swift_Message), Array)
#4 /var/www/html/kritvapms/protected/controllers/SetgoalsController.php(1596): YiiMail->send(Object(YiiMailMessage))
#5 /var/www/html/kritvapms/framework/web/actions/CInlineAction.php(49): SetgoalsController->actionkpi_del1()
#6 /var/www/html/kritvapms/framework/web/CController.php(308): CInlineAction->runWithParams(Array)
#7 /var/www/html/kritvapms/framework/web/CController.php(286): CController->runAction(Object(CInlineAction))
#8 /var/www/html/kritvapms/framework/web/CController.php(265): CController->runActionWithFilters(Object(CInlineAction), Array)
#9 /var/www/html/kritvapms/framework/web/CWebApplication.php(282): CController->run('kpi_del1')
#10 /var/www/html/kritvapms/framework/web/CWebApplication.php(141): CWebApplication->runController('Setgoals/kpi_de...')
#11 /var/www/html/kritvapms/framework/base/CApplication.php(185): CWebApplication->processRequest()
#12 /var/www/html/kritvapms/index.php(14): CApplication->run()
#13 {main}
REQUEST_URI=/kritvapms/index.php?r=Setgoals/kpi_del1
HTTP_REFERER=http://52.172.210.251/kritvapms/index.php?r=Setgoals
---
2017/08/02 11:44:47 [error] [exception.Swift_TransportException] Swift_TransportException: Failed to authenticate on SMTP server with username "demo.appraisel@gmail.com" using 2 possible authenticators in /var/www/html/kritvapms/protected/extensions/yii-mail/vendors/swiftMailer/classes/Swift/Transport/Esmtp/AuthHandler.php:179
Stack trace:
#0 /var/www/html/kritvapms/protected/extensions/yii-mail/vendors/swiftMailer/classes/Swift/Transport/EsmtpTransport.php(252): Swift_Transport_Esmtp_AuthHandler->afterEhlo(Object(Swift_SmtpTransport))
#1 /var/www/html/kritvapms/protected/extensions/yii-mail/vendors/swiftMailer/classes/Swift/Transport/AbstractSmtpTransport.php(108): Swift_Transport_EsmtpTransport->_doHeloCommand()
#2 /var/www/html/kritvapms/protected/extensions/yii-mail/vendors/swiftMailer/classes/Swift/Mailer.php(74): Swift_Transport_AbstractSmtpTransport->start()
#3 /var/www/html/kritvapms/protected/extensions/yii-mail/YiiMail.php(133): Swift_Mailer->send(Object(Swift_Message), Array)
#4 /var/www/html/kritvapms/protected/controllers/SetgoalsController.php(1904): YiiMail->send(Object(YiiMailMessage))
#5 /var/www/html/kritvapms/framework/web/actions/CInlineAction.php(49): SetgoalsController->actionsendmail()
#6 /var/www/html/kritvapms/framework/web/CController.php(308): CInlineAction->runWithParams(Array)
#7 /var/www/html/kritvapms/framework/web/CController.php(286): CController->runAction(Object(CInlineAction))
#8 /var/www/html/kritvapms/framework/web/CController.php(265): CController->runActionWithFilters(Object(CInlineAction), Array)
#9 /var/www/html/kritvapms/framework/web/CWebApplication.php(282): CController->run('sendmail')
#10 /var/www/html/kritvapms/framework/web/CWebApplication.php(141): CWebApplication->runController('Setgoals/sendma...')
#11 /var/www/html/kritvapms/framework/base/CApplication.php(185): CWebApplication->processRequest()
#12 /var/www/html/kritvapms/index.php(14): CApplication->run()
#13 {main}
REQUEST_URI=/kritvapms/index.php?r=Setgoals/sendmail
HTTP_REFERER=http://52.172.210.251/kritvapms/index.php?r=Setgoals
---
2017/08/02 11:44:50 [error] [exception.Swift_TransportException] Swift_TransportException: Failed to authenticate on SMTP server with username "demo.appraisel@gmail.com" using 2 possible authenticators in /var/www/html/kritvapms/protected/extensions/yii-mail/vendors/swiftMailer/classes/Swift/Transport/Esmtp/AuthHandler.php:179
Stack trace:
#0 /var/www/html/kritvapms/protected/extensions/yii-mail/vendors/swiftMailer/classes/Swift/Transport/EsmtpTransport.php(252): Swift_Transport_Esmtp_AuthHandler->afterEhlo(Object(Swift_SmtpTransport))
#1 /var/www/html/kritvapms/protected/extensions/yii-mail/vendors/swiftMailer/classes/Swift/Transport/AbstractSmtpTransport.php(108): Swift_Transport_EsmtpTransport->_doHeloCommand()
#2 /var/www/html/kritvapms/protected/extensions/yii-mail/vendors/swiftMailer/classes/Swift/Mailer.php(74): Swift_Transport_AbstractSmtpTransport->start()
#3 /var/www/html/kritvapms/protected/extensions/yii-mail/YiiMail.php(133): Swift_Mailer->send(Object(Swift_Message), Array)
#4 /var/www/html/kritvapms/protected/controllers/SetgoalsController.php(1904): YiiMail->send(Object(YiiMailMessage))
#5 /var/www/html/kritvapms/framework/web/actions/CInlineAction.php(49): SetgoalsController->actionsendmail()
#6 /var/www/html/kritvapms/framework/web/CController.php(308): CInlineAction->runWithParams(Array)
#7 /var/www/html/kritvapms/framework/web/CController.php(286): CController->runAction(Object(CInlineAction))
#8 /var/www/html/kritvapms/framework/web/CController.php(265): CController->runActionWithFilters(Object(CInlineAction), Array)
#9 /var/www/html/kritvapms/framework/web/CWebApplication.php(282): CController->run('sendmail')
#10 /var/www/html/kritvapms/framework/web/CWebApplication.php(141): CWebApplication->runController('Setgoals/sendma...')
#11 /var/www/html/kritvapms/framework/base/CApplication.php(185): CWebApplication->processRequest()
#12 /var/www/html/kritvapms/index.php(14): CApplication->run()
#13 {main}
REQUEST_URI=/kritvapms/index.php?r=Setgoals/sendmail
HTTP_REFERER=http://52.172.210.251/kritvapms/index.php?r=Setgoals
---
2017/08/02 11:50:37 [error] [exception.Swift_TransportException] Swift_TransportException: Failed to authenticate on SMTP server with username "demo.appraisel@gmail.com" using 2 possible authenticators in /var/www/html/kritvapms/protected/extensions/yii-mail/vendors/swiftMailer/classes/Swift/Transport/Esmtp/AuthHandler.php:179
Stack trace:
#0 /var/www/html/kritvapms/protected/extensions/yii-mail/vendors/swiftMailer/classes/Swift/Transport/EsmtpTransport.php(252): Swift_Transport_Esmtp_AuthHandler->afterEhlo(Object(Swift_SmtpTransport))
#1 /var/www/html/kritvapms/protected/extensions/yii-mail/vendors/swiftMailer/classes/Swift/Transport/AbstractSmtpTransport.php(108): Swift_Transport_EsmtpTransport->_doHeloCommand()
#2 /var/www/html/kritvapms/protected/extensions/yii-mail/vendors/swiftMailer/classes/Swift/Mailer.php(74): Swift_Transport_AbstractSmtpTransport->start()
#3 /var/www/html/kritvapms/protected/extensions/yii-mail/YiiMail.php(133): Swift_Mailer->send(Object(Swift_Message), Array)
#4 /var/www/html/kritvapms/protected/controllers/SetgoalsController.php(1904): YiiMail->send(Object(YiiMailMessage))
#5 /var/www/html/kritvapms/framework/web/actions/CInlineAction.php(49): SetgoalsController->actionsendmail()
#6 /var/www/html/kritvapms/framework/web/CController.php(308): CInlineAction->runWithParams(Array)
#7 /var/www/html/kritvapms/framework/web/CController.php(286): CController->runAction(Object(CInlineAction))
#8 /var/www/html/kritvapms/framework/web/CController.php(265): CController->runActionWithFilters(Object(CInlineAction), Array)
#9 /var/www/html/kritvapms/framework/web/CWebApplication.php(282): CController->run('sendmail')
#10 /var/www/html/kritvapms/framework/web/CWebApplication.php(141): CWebApplication->runController('Setgoals/sendma...')
#11 /var/www/html/kritvapms/framework/base/CApplication.php(185): CWebApplication->processRequest()
#12 /var/www/html/kritvapms/index.php(14): CApplication->run()
#13 {main}
REQUEST_URI=/kritvapms/index.php?r=Setgoals/sendmail
HTTP_REFERER=http://52.172.210.251/kritvapms/index.php?r=Setgoals
---
2017/08/02 11:52:23 [error] [exception.ParseError] ParseError: syntax error, unexpected ''where Employee_id = :Employee' (T_ENCAPSED_AND_WHITESPACE) in /var/www/html/kritvapms/protected/controllers/SetgoalsController.php:1313
Stack trace:
#0 /var/www/html/kritvapms/framework/web/CWebApplication.php(276): CWebApplication->createController('save_kpi/')
#1 /var/www/html/kritvapms/framework/web/CWebApplication.php(141): CWebApplication->runController('setgoals/save_k...')
#2 /var/www/html/kritvapms/framework/base/CApplication.php(185): CWebApplication->processRequest()
#3 /var/www/html/kritvapms/index.php(14): CApplication->run()
#4 {main}
REQUEST_URI=/kritvapms/index.php?r=setgoals/save_kpi
HTTP_REFERER=http://52.172.210.251/kritvapms/index.php?r=Setgoals
---
2017/08/02 11:53:25 [error] [php] fsockopen(): SSL operation failed with code 1. OpenSSL Error messages:
error:1408F10B:SSL routines:SSL3_GET_RECORD:wrong version number (/var/www/html/kritvapms/protected/extensions/yii-mail/vendors/swiftMailer/classes/Swift/Transport/StreamBuffer.php:234)
Stack trace:
#0 /var/www/html/kritvapms/protected/extensions/yii-mail/vendors/swiftMailer/classes/Swift/Transport/AbstractSmtpTransport.php(101): Swift_Transport_StreamBuffer->initialize()
#1 /var/www/html/kritvapms/protected/extensions/yii-mail/vendors/swiftMailer/classes/Swift/Mailer.php(74): Swift_SmtpTransport->start()
#2 /var/www/html/kritvapms/protected/extensions/yii-mail/YiiMail.php(133): Swift_Mailer->send()
#3 /var/www/html/kritvapms/protected/controllers/SetgoalsController.php(836): YiiMail->send()
#4 /var/www/html/kritvapms/framework/web/actions/CInlineAction.php(49): SetgoalsController->actionsend_demo()
#5 /var/www/html/kritvapms/framework/web/CController.php(308): CInlineAction->runWithParams()
#6 /var/www/html/kritvapms/framework/web/CController.php(286): SetgoalsController->runAction()
#7 /var/www/html/kritvapms/framework/web/CController.php(265): SetgoalsController->runActionWithFilters()
#8 /var/www/html/kritvapms/framework/web/CWebApplication.php(282): SetgoalsController->run()
#9 /var/www/html/kritvapms/framework/web/CWebApplication.php(141): CWebApplication->runController()
#10 /var/www/html/kritvapms/framework/base/CApplication.php(185): CWebApplication->processRequest()
#11 /var/www/html/kritvapms/index.php(14): CWebApplication->run()
REQUEST_URI=/kritvapms/index.php/Setgoals/send_demo
2017/08/02 11:55:15 [error] [php] fsockopen(): SSL operation failed with code 1. OpenSSL Error messages:
error:1408F10B:SSL routines:SSL3_GET_RECORD:wrong version number (/var/www/html/kritvapms/protected/extensions/yii-mail/vendors/swiftMailer/classes/Swift/Transport/StreamBuffer.php:234)
Stack trace:
#0 /var/www/html/kritvapms/protected/extensions/yii-mail/vendors/swiftMailer/classes/Swift/Transport/AbstractSmtpTransport.php(101): Swift_Transport_StreamBuffer->initialize()
#1 /var/www/html/kritvapms/protected/extensions/yii-mail/vendors/swiftMailer/classes/Swift/Mailer.php(74): Swift_SmtpTransport->start()
#2 /var/www/html/kritvapms/protected/extensions/yii-mail/YiiMail.php(133): Swift_Mailer->send()
#3 /var/www/html/kritvapms/protected/controllers/SetgoalsController.php(836): YiiMail->send()
#4 /var/www/html/kritvapms/framework/web/actions/CInlineAction.php(49): SetgoalsController->actionsend_demo()
#5 /var/www/html/kritvapms/framework/web/CController.php(308): CInlineAction->runWithParams()
#6 /var/www/html/kritvapms/framework/web/CController.php(286): SetgoalsController->runAction()
#7 /var/www/html/kritvapms/framework/web/CController.php(265): SetgoalsController->runActionWithFilters()
#8 /var/www/html/kritvapms/framework/web/CWebApplication.php(282): SetgoalsController->run()
#9 /var/www/html/kritvapms/framework/web/CWebApplication.php(141): CWebApplication->runController()
#10 /var/www/html/kritvapms/framework/base/CApplication.php(185): CWebApplication->processRequest()
#11 /var/www/html/kritvapms/index.php(14): CWebApplication->run()
REQUEST_URI=/kritvapms/index.php/Setgoals/send_demo
2017/08/02 11:55:18 [error] [php] fsockopen(): SSL operation failed with code 1. OpenSSL Error messages:
error:1408F10B:SSL routines:SSL3_GET_RECORD:wrong version number (/var/www/html/kritvapms/protected/extensions/yii-mail/vendors/swiftMailer/classes/Swift/Transport/StreamBuffer.php:234)
Stack trace:
#0 /var/www/html/kritvapms/protected/extensions/yii-mail/vendors/swiftMailer/classes/Swift/Transport/AbstractSmtpTransport.php(101): Swift_Transport_StreamBuffer->initialize()
#1 /var/www/html/kritvapms/protected/extensions/yii-mail/vendors/swiftMailer/classes/Swift/Mailer.php(74): Swift_SmtpTransport->start()
#2 /var/www/html/kritvapms/protected/extensions/yii-mail/YiiMail.php(133): Swift_Mailer->send()
#3 /var/www/html/kritvapms/protected/controllers/SetgoalsController.php(836): YiiMail->send()
#4 /var/www/html/kritvapms/framework/web/actions/CInlineAction.php(49): SetgoalsController->actionsend_demo()
#5 /var/www/html/kritvapms/framework/web/CController.php(308): CInlineAction->runWithParams()
#6 /var/www/html/kritvapms/framework/web/CController.php(286): SetgoalsController->runAction()
#7 /var/www/html/kritvapms/framework/web/CController.php(265): SetgoalsController->runActionWithFilters()
#8 /var/www/html/kritvapms/framework/web/CWebApplication.php(282): SetgoalsController->run()
#9 /var/www/html/kritvapms/framework/web/CWebApplication.php(141): CWebApplication->runController()
#10 /var/www/html/kritvapms/framework/base/CApplication.php(185): CWebApplication->processRequest()
#11 /var/www/html/kritvapms/index.php(14): CWebApplication->run()
REQUEST_URI=/kritvapms/index.php/Setgoals/send_demo
2017/08/02 11:58:34 [error] [php] fsockopen(): SSL operation failed with code 1. OpenSSL Error messages:
error:1408F10B:SSL routines:SSL3_GET_RECORD:wrong version number (/var/www/html/kritvapms/protected/extensions/yii-mail/vendors/swiftMailer/classes/Swift/Transport/StreamBuffer.php:234)
Stack trace:
#0 /var/www/html/kritvapms/protected/extensions/yii-mail/vendors/swiftMailer/classes/Swift/Transport/AbstractSmtpTransport.php(101): Swift_Transport_StreamBuffer->initialize()
#1 /var/www/html/kritvapms/protected/extensions/yii-mail/vendors/swiftMailer/classes/Swift/Mailer.php(74): Swift_SmtpTransport->start()
#2 /var/www/html/kritvapms/protected/extensions/yii-mail/YiiMail.php(133): Swift_Mailer->send()
#3 /var/www/html/kritvapms/protected/controllers/SetgoalsController.php(836): YiiMail->send()
#4 /var/www/html/kritvapms/framework/web/actions/CInlineAction.php(49): SetgoalsController->actionsend_demo()
#5 /var/www/html/kritvapms/framework/web/CController.php(308): CInlineAction->runWithParams()
#6 /var/www/html/kritvapms/framework/web/CController.php(286): SetgoalsController->runAction()
#7 /var/www/html/kritvapms/framework/web/CController.php(265): SetgoalsController->runActionWithFilters()
#8 /var/www/html/kritvapms/framework/web/CWebApplication.php(282): SetgoalsController->run()
#9 /var/www/html/kritvapms/framework/web/CWebApplication.php(141): CWebApplication->runController()
#10 /var/www/html/kritvapms/framework/base/CApplication.php(185): CWebApplication->processRequest()
#11 /var/www/html/kritvapms/index.php(14): CWebApplication->run()
REQUEST_URI=/kritvapms/index.php/Setgoals/send_demo
2017/08/02 12:00:22 [error] [php] fsockopen(): unable to connect to ssl://smtp.office365.com:465 (Connection timed out) (/var/www/html/kritvapms/protected/extensions/yii-mail/vendors/swiftMailer/classes/Swift/Transport/StreamBuffer.php:234)
Stack trace:
#0 /var/www/html/kritvapms/protected/extensions/yii-mail/vendors/swiftMailer/classes/Swift/Transport/AbstractSmtpTransport.php(101): Swift_Transport_StreamBuffer->initialize()
#1 /var/www/html/kritvapms/protected/extensions/yii-mail/vendors/swiftMailer/classes/Swift/Mailer.php(74): Swift_SmtpTransport->start()
#2 /var/www/html/kritvapms/protected/extensions/yii-mail/YiiMail.php(133): Swift_Mailer->send()
#3 /var/www/html/kritvapms/protected/controllers/SetgoalsController.php(836): YiiMail->send()
#4 /var/www/html/kritvapms/framework/web/actions/CInlineAction.php(49): SetgoalsController->actionsend_demo()
#5 /var/www/html/kritvapms/framework/web/CController.php(308): CInlineAction->runWithParams()
#6 /var/www/html/kritvapms/framework/web/CController.php(286): SetgoalsController->runAction()
#7 /var/www/html/kritvapms/framework/web/CController.php(265): SetgoalsController->runActionWithFilters()
#8 /var/www/html/kritvapms/framework/web/CWebApplication.php(282): SetgoalsController->run()
#9 /var/www/html/kritvapms/framework/web/CWebApplication.php(141): CWebApplication->runController()
#10 /var/www/html/kritvapms/framework/base/CApplication.php(185): CWebApplication->processRequest()
#11 /var/www/html/kritvapms/index.php(14): CWebApplication->run()
REQUEST_URI=/kritvapms/index.php/Setgoals/send_demo
2017/08/02 12:05:54 [error] [php] fsockopen(): SSL operation failed with code 1. OpenSSL Error messages:
error:140770FC:SSL routines:SSL23_GET_SERVER_HELLO:unknown protocol (/var/www/html/kritvapms/protected/extensions/yii-mail/vendors/swiftMailer/classes/Swift/Transport/StreamBuffer.php:234)
Stack trace:
#0 /var/www/html/kritvapms/protected/extensions/yii-mail/vendors/swiftMailer/classes/Swift/Transport/AbstractSmtpTransport.php(101): Swift_Transport_StreamBuffer->initialize()
#1 /var/www/html/kritvapms/protected/extensions/yii-mail/vendors/swiftMailer/classes/Swift/Mailer.php(74): Swift_SmtpTransport->start()
#2 /var/www/html/kritvapms/protected/extensions/yii-mail/YiiMail.php(133): Swift_Mailer->send()
#3 /var/www/html/kritvapms/protected/controllers/SetgoalsController.php(836): YiiMail->send()
#4 /var/www/html/kritvapms/framework/web/actions/CInlineAction.php(49): SetgoalsController->actionsend_demo()
#5 /var/www/html/kritvapms/framework/web/CController.php(308): CInlineAction->runWithParams()
#6 /var/www/html/kritvapms/framework/web/CController.php(286): SetgoalsController->runAction()
#7 /var/www/html/kritvapms/framework/web/CController.php(265): SetgoalsController->runActionWithFilters()
#8 /var/www/html/kritvapms/framework/web/CWebApplication.php(282): SetgoalsController->run()
#9 /var/www/html/kritvapms/framework/web/CWebApplication.php(141): CWebApplication->runController()
#10 /var/www/html/kritvapms/framework/base/CApplication.php(185): CWebApplication->processRequest()
#11 /var/www/html/kritvapms/index.php(14): CWebApplication->run()
REQUEST_URI=/kritvapms/index.php/Setgoals/send_demo
2017/08/02 12:06:16 [error] [php] fsockopen(): SSL operation failed with code 1. OpenSSL Error messages:
error:1408F10B:SSL routines:SSL3_GET_RECORD:wrong version number (/var/www/html/kritvapms/protected/extensions/yii-mail/vendors/swiftMailer/classes/Swift/Transport/StreamBuffer.php:234)
Stack trace:
#0 /var/www/html/kritvapms/protected/extensions/yii-mail/vendors/swiftMailer/classes/Swift/Transport/AbstractSmtpTransport.php(101): Swift_Transport_StreamBuffer->initialize()
#1 /var/www/html/kritvapms/protected/extensions/yii-mail/vendors/swiftMailer/classes/Swift/Mailer.php(74): Swift_SmtpTransport->start()
#2 /var/www/html/kritvapms/protected/extensions/yii-mail/YiiMail.php(133): Swift_Mailer->send()
#3 /var/www/html/kritvapms/protected/controllers/SetgoalsController.php(836): YiiMail->send()
#4 /var/www/html/kritvapms/framework/web/actions/CInlineAction.php(49): SetgoalsController->actionsend_demo()
#5 /var/www/html/kritvapms/framework/web/CController.php(308): CInlineAction->runWithParams()
#6 /var/www/html/kritvapms/framework/web/CController.php(286): SetgoalsController->runAction()
#7 /var/www/html/kritvapms/framework/web/CController.php(265): SetgoalsController->runActionWithFilters()
#8 /var/www/html/kritvapms/framework/web/CWebApplication.php(282): SetgoalsController->run()
#9 /var/www/html/kritvapms/framework/web/CWebApplication.php(141): CWebApplication->runController()
#10 /var/www/html/kritvapms/framework/base/CApplication.php(185): CWebApplication->processRequest()
#11 /var/www/html/kritvapms/index.php(14): CWebApplication->run()
REQUEST_URI=/kritvapms/index.php/Setgoals/send_demo
2017/08/02 12:08:35 [error] [exception.ParseError] ParseError: syntax error, unexpected ''where Employee_id = :Employee' (T_ENCAPSED_AND_WHITESPACE) in /var/www/html/kritvapms/protected/controllers/SetgoalsController.php:1313
Stack trace:
#0 /var/www/html/kritvapms/framework/web/CWebApplication.php(276): CWebApplication->createController('save_kpi/')
#1 /var/www/html/kritvapms/framework/web/CWebApplication.php(141): CWebApplication->runController('setgoals/save_k...')
#2 /var/www/html/kritvapms/framework/base/CApplication.php(185): CWebApplication->processRequest()
#3 /var/www/html/kritvapms/index.php(14): CApplication->run()
#4 {main}
REQUEST_URI=/kritvapms/index.php?r=setgoals/save_kpi
HTTP_REFERER=http://52.172.210.251/kritvapms/index.php?r=Setgoals
---
2017/08/02 12:08:40 [error] [php] fsockopen(): SSL operation failed with code 1. OpenSSL Error messages:
error:1408F10B:SSL routines:SSL3_GET_RECORD:wrong version number (/var/www/html/kritvapms/protected/extensions/yii-mail/vendors/swiftMailer/classes/Swift/Transport/StreamBuffer.php:234)
Stack trace:
#0 /var/www/html/kritvapms/protected/extensions/yii-mail/vendors/swiftMailer/classes/Swift/Transport/AbstractSmtpTransport.php(101): Swift_Transport_StreamBuffer->initialize()
#1 /var/www/html/kritvapms/protected/extensions/yii-mail/vendors/swiftMailer/classes/Swift/Mailer.php(74): Swift_SmtpTransport->start()
#2 /var/www/html/kritvapms/protected/extensions/yii-mail/YiiMail.php(133): Swift_Mailer->send()
#3 /var/www/html/kritvapms/protected/controllers/SetgoalsController.php(836): YiiMail->send()
#4 /var/www/html/kritvapms/framework/web/actions/CInlineAction.php(49): SetgoalsController->actionsend_demo()
#5 /var/www/html/kritvapms/framework/web/CController.php(308): CInlineAction->runWithParams()
#6 /var/www/html/kritvapms/framework/web/CController.php(286): SetgoalsController->runAction()
#7 /var/www/html/kritvapms/framework/web/CController.php(265): SetgoalsController->runActionWithFilters()
#8 /var/www/html/kritvapms/framework/web/CWebApplication.php(282): SetgoalsController->run()
#9 /var/www/html/kritvapms/framework/web/CWebApplication.php(141): CWebApplication->runController()
#10 /var/www/html/kritvapms/framework/base/CApplication.php(185): CWebApplication->processRequest()
#11 /var/www/html/kritvapms/index.php(14): CWebApplication->run()
REQUEST_URI=/kritvapms/index.php/Setgoals/send_demo
2017/08/02 12:13:28 [error] [php] fsockopen(): SSL operation failed with code 1. OpenSSL Error messages:
error:1408F10B:SSL routines:SSL3_GET_RECORD:wrong version number (/var/www/html/kritvapms/protected/extensions/yii-mail/vendors/swiftMailer/classes/Swift/Transport/StreamBuffer.php:234)
Stack trace:
#0 /var/www/html/kritvapms/protected/extensions/yii-mail/vendors/swiftMailer/classes/Swift/Transport/AbstractSmtpTransport.php(101): Swift_Transport_StreamBuffer->initialize()
#1 /var/www/html/kritvapms/protected/extensions/yii-mail/vendors/swiftMailer/classes/Swift/Mailer.php(74): Swift_SmtpTransport->start()
#2 /var/www/html/kritvapms/protected/extensions/yii-mail/YiiMail.php(133): Swift_Mailer->send()
#3 /var/www/html/kritvapms/protected/controllers/SetgoalsController.php(836): YiiMail->send()
#4 /var/www/html/kritvapms/framework/web/actions/CInlineAction.php(49): SetgoalsController->actionsend_demo()
#5 /var/www/html/kritvapms/framework/web/CController.php(308): CInlineAction->runWithParams()
#6 /var/www/html/kritvapms/framework/web/CController.php(286): SetgoalsController->runAction()
#7 /var/www/html/kritvapms/framework/web/CController.php(265): SetgoalsController->runActionWithFilters()
#8 /var/www/html/kritvapms/framework/web/CWebApplication.php(282): SetgoalsController->run()
#9 /var/www/html/kritvapms/framework/web/CWebApplication.php(141): CWebApplication->runController()
#10 /var/www/html/kritvapms/framework/base/CApplication.php(185): CWebApplication->processRequest()
#11 /var/www/html/kritvapms/index.php(14): CWebApplication->run()
REQUEST_URI=/kritvapms/index.php/Setgoals/send_demo
2017/08/02 12:13:52 [error] [php] fsockopen(): unable to connect to ssl3://smtp.office365.com:587 (Unable to find the socket transport &quot;ssl3&quot; - did you forget to enable it when you configured PHP?) (/var/www/html/kritvapms/protected/extensions/yii-mail/vendors/swiftMailer/classes/Swift/Transport/StreamBuffer.php:234)
Stack trace:
#0 /var/www/html/kritvapms/protected/extensions/yii-mail/vendors/swiftMailer/classes/Swift/Transport/AbstractSmtpTransport.php(101): Swift_Transport_StreamBuffer->initialize()
#1 /var/www/html/kritvapms/protected/extensions/yii-mail/vendors/swiftMailer/classes/Swift/Mailer.php(74): Swift_SmtpTransport->start()
#2 /var/www/html/kritvapms/protected/extensions/yii-mail/YiiMail.php(133): Swift_Mailer->send()
#3 /var/www/html/kritvapms/protected/controllers/SetgoalsController.php(836): YiiMail->send()
#4 /var/www/html/kritvapms/framework/web/actions/CInlineAction.php(49): SetgoalsController->actionsend_demo()
#5 /var/www/html/kritvapms/framework/web/CController.php(308): CInlineAction->runWithParams()
#6 /var/www/html/kritvapms/framework/web/CController.php(286): SetgoalsController->runAction()
#7 /var/www/html/kritvapms/framework/web/CController.php(265): SetgoalsController->runActionWithFilters()
#8 /var/www/html/kritvapms/framework/web/CWebApplication.php(282): SetgoalsController->run()
#9 /var/www/html/kritvapms/framework/web/CWebApplication.php(141): CWebApplication->runController()
#10 /var/www/html/kritvapms/framework/base/CApplication.php(185): CWebApplication->processRequest()
#11 /var/www/html/kritvapms/index.php(14): CWebApplication->run()
REQUEST_URI=/kritvapms/index.php/Setgoals/send_demo
2017/08/02 12:14:28 [error] [php] fsockopen(): SSL operation failed with code 1. OpenSSL Error messages:
error:1408F10B:SSL routines:SSL3_GET_RECORD:wrong version number (/var/www/html/kritvapms/protected/extensions/yii-mail/vendors/swiftMailer/classes/Swift/Transport/StreamBuffer.php:234)
Stack trace:
#0 /var/www/html/kritvapms/protected/extensions/yii-mail/vendors/swiftMailer/classes/Swift/Transport/AbstractSmtpTransport.php(101): Swift_Transport_StreamBuffer->initialize()
#1 /var/www/html/kritvapms/protected/extensions/yii-mail/vendors/swiftMailer/classes/Swift/Mailer.php(74): Swift_SmtpTransport->start()
#2 /var/www/html/kritvapms/protected/extensions/yii-mail/YiiMail.php(133): Swift_Mailer->send()
#3 /var/www/html/kritvapms/protected/controllers/SetgoalsController.php(836): YiiMail->send()
#4 /var/www/html/kritvapms/framework/web/actions/CInlineAction.php(49): SetgoalsController->actionsend_demo()
#5 /var/www/html/kritvapms/framework/web/CController.php(308): CInlineAction->runWithParams()
#6 /var/www/html/kritvapms/framework/web/CController.php(286): SetgoalsController->runAction()
#7 /var/www/html/kritvapms/framework/web/CController.php(265): SetgoalsController->runActionWithFilters()
#8 /var/www/html/kritvapms/framework/web/CWebApplication.php(282): SetgoalsController->run()
#9 /var/www/html/kritvapms/framework/web/CWebApplication.php(141): CWebApplication->runController()
#10 /var/www/html/kritvapms/framework/base/CApplication.php(185): CWebApplication->processRequest()
#11 /var/www/html/kritvapms/index.php(14): CWebApplication->run()
REQUEST_URI=/kritvapms/index.php/Setgoals/send_demo
2017/08/02 12:14:59 [error] [exception.ParseError] ParseError: syntax error, unexpected end of file in /var/www/html/kritvapms/protected/controllers/SetgoalsController.php:904
Stack trace:
#0 /var/www/html/kritvapms/framework/web/CWebApplication.php(276): CWebApplication->createController('save_kpi/')
#1 /var/www/html/kritvapms/framework/web/CWebApplication.php(141): CWebApplication->runController('setgoals/save_k...')
#2 /var/www/html/kritvapms/framework/base/CApplication.php(185): CWebApplication->processRequest()
#3 /var/www/html/kritvapms/index.php(14): CApplication->run()
#4 {main}
REQUEST_URI=/kritvapms/index.php?r=setgoals/save_kpi
HTTP_REFERER=http://52.172.210.251/kritvapms/index.php?r=Setgoals
---
2017/08/02 12:15:35 [error] [php] fsockopen(): SSL operation failed with code 1. OpenSSL Error messages:
error:1408F10B:SSL routines:SSL3_GET_RECORD:wrong version number (/var/www/html/kritvapms/protected/extensions/yii-mail/vendors/swiftMailer/classes/Swift/Transport/StreamBuffer.php:234)
Stack trace:
#0 /var/www/html/kritvapms/protected/extensions/yii-mail/vendors/swiftMailer/classes/Swift/Transport/AbstractSmtpTransport.php(101): Swift_Transport_StreamBuffer->initialize()
#1 /var/www/html/kritvapms/protected/extensions/yii-mail/vendors/swiftMailer/classes/Swift/Mailer.php(74): Swift_SmtpTransport->start()
#2 /var/www/html/kritvapms/protected/extensions/yii-mail/YiiMail.php(133): Swift_Mailer->send()
#3 /var/www/html/kritvapms/protected/controllers/SetgoalsController.php(836): YiiMail->send()
#4 /var/www/html/kritvapms/framework/web/actions/CInlineAction.php(49): SetgoalsController->actionsend_demo()
#5 /var/www/html/kritvapms/framework/web/CController.php(308): CInlineAction->runWithParams()
#6 /var/www/html/kritvapms/framework/web/CController.php(286): SetgoalsController->runAction()
#7 /var/www/html/kritvapms/framework/web/CController.php(265): SetgoalsController->runActionWithFilters()
#8 /var/www/html/kritvapms/framework/web/CWebApplication.php(282): SetgoalsController->run()
#9 /var/www/html/kritvapms/framework/web/CWebApplication.php(141): CWebApplication->runController()
#10 /var/www/html/kritvapms/framework/base/CApplication.php(185): CWebApplication->processRequest()
#11 /var/www/html/kritvapms/index.php(14): CWebApplication->run()
REQUEST_URI=/kritvapms/index.php/Setgoals/send_demo
2017/08/02 12:17:57 [error] [php] fsockopen(): SSL operation failed with code 1. OpenSSL Error messages:
error:1408F10B:SSL routines:SSL3_GET_RECORD:wrong version number (/var/www/html/kritvapms/protected/extensions/yii-mail/vendors/swiftMailer/classes/Swift/Transport/StreamBuffer.php:234)
Stack trace:
#0 /var/www/html/kritvapms/protected/extensions/yii-mail/vendors/swiftMailer/classes/Swift/Transport/AbstractSmtpTransport.php(101): Swift_Transport_StreamBuffer->initialize()
#1 /var/www/html/kritvapms/protected/extensions/yii-mail/vendors/swiftMailer/classes/Swift/Mailer.php(74): Swift_SmtpTransport->start()
#2 /var/www/html/kritvapms/protected/extensions/yii-mail/YiiMail.php(133): Swift_Mailer->send()
#3 /var/www/html/kritvapms/protected/controllers/SetgoalsController.php(1596): YiiMail->send()
#4 /var/www/html/kritvapms/framework/web/actions/CInlineAction.php(49): SetgoalsController->actionkpi_del1()
#5 /var/www/html/kritvapms/framework/web/CController.php(308): CInlineAction->runWithParams()
#6 /var/www/html/kritvapms/framework/web/CController.php(286): SetgoalsController->runAction()
#7 /var/www/html/kritvapms/framework/web/CController.php(265): SetgoalsController->runActionWithFilters()
#8 /var/www/html/kritvapms/framework/web/CWebApplication.php(282): SetgoalsController->run()
#9 /var/www/html/kritvapms/framework/web/CWebApplication.php(141): CWebApplication->runController()
#10 /var/www/html/kritvapms/framework/base/CApplication.php(185): CWebApplication->processRequest()
#11 /var/www/html/kritvapms/index.php(14): CWebApplication->run()
REQUEST_URI=/kritvapms/index.php?r=Setgoals/kpi_del1
2017/08/02 12:33:15 [error] [php] fsockopen(): Peer certificate CN=`*.webhostbox.net' did not match expected CN=`webmail.kritva.com' (/var/www/html/kritvapms/protected/extensions/yii-mail/vendors/swiftMailer/classes/Swift/Transport/StreamBuffer.php:234)
Stack trace:
#0 /var/www/html/kritvapms/protected/extensions/yii-mail/vendors/swiftMailer/classes/Swift/Transport/AbstractSmtpTransport.php(101): Swift_Transport_StreamBuffer->initialize()
#1 /var/www/html/kritvapms/protected/extensions/yii-mail/vendors/swiftMailer/classes/Swift/Mailer.php(74): Swift_SmtpTransport->start()
#2 /var/www/html/kritvapms/protected/extensions/yii-mail/YiiMail.php(133): Swift_Mailer->send()
#3 /var/www/html/kritvapms/protected/controllers/SetgoalsController.php(836): YiiMail->send()
#4 /var/www/html/kritvapms/framework/web/actions/CInlineAction.php(49): SetgoalsController->actionsend_demo()
#5 /var/www/html/kritvapms/framework/web/CController.php(308): CInlineAction->runWithParams()
#6 /var/www/html/kritvapms/framework/web/CController.php(286): SetgoalsController->runAction()
#7 /var/www/html/kritvapms/framework/web/CController.php(265): SetgoalsController->runActionWithFilters()
#8 /var/www/html/kritvapms/framework/web/CWebApplication.php(282): SetgoalsController->run()
#9 /var/www/html/kritvapms/framework/web/CWebApplication.php(141): CWebApplication->runController()
#10 /var/www/html/kritvapms/framework/base/CApplication.php(185): CWebApplication->processRequest()
#11 /var/www/html/kritvapms/index.php(14): CWebApplication->run()
REQUEST_URI=/kritvapms/index.php/Setgoals/send_demo
2017/08/02 12:33:46 [error] [php] fsockopen(): SSL operation failed with code 1. OpenSSL Error messages:
error:1408F10B:SSL routines:SSL3_GET_RECORD:wrong version number (/var/www/html/kritvapms/protected/extensions/yii-mail/vendors/swiftMailer/classes/Swift/Transport/StreamBuffer.php:234)
Stack trace:
#0 /var/www/html/kritvapms/protected/extensions/yii-mail/vendors/swiftMailer/classes/Swift/Transport/AbstractSmtpTransport.php(101): Swift_Transport_StreamBuffer->initialize()
#1 /var/www/html/kritvapms/protected/extensions/yii-mail/vendors/swiftMailer/classes/Swift/Mailer.php(74): Swift_SmtpTransport->start()
#2 /var/www/html/kritvapms/protected/extensions/yii-mail/YiiMail.php(133): Swift_Mailer->send()
#3 /var/www/html/kritvapms/protected/controllers/SetgoalsController.php(836): YiiMail->send()
#4 /var/www/html/kritvapms/framework/web/actions/CInlineAction.php(49): SetgoalsController->actionsend_demo()
#5 /var/www/html/kritvapms/framework/web/CController.php(308): CInlineAction->runWithParams()
#6 /var/www/html/kritvapms/framework/web/CController.php(286): SetgoalsController->runAction()
#7 /var/www/html/kritvapms/framework/web/CController.php(265): SetgoalsController->runActionWithFilters()
#8 /var/www/html/kritvapms/framework/web/CWebApplication.php(282): SetgoalsController->run()
#9 /var/www/html/kritvapms/framework/web/CWebApplication.php(141): CWebApplication->runController()
#10 /var/www/html/kritvapms/framework/base/CApplication.php(185): CWebApplication->processRequest()
#11 /var/www/html/kritvapms/index.php(14): CWebApplication->run()
REQUEST_URI=/kritvapms/index.php/Setgoals/send_demo
2017/08/02 12:34:05 [error] [php] fsockopen(): php_network_getaddresses: getaddrinfo failed: Name or service not known (/var/www/html/kritvapms/protected/extensions/yii-mail/vendors/swiftMailer/classes/Swift/Transport/StreamBuffer.php:234)
Stack trace:
#0 /var/www/html/kritvapms/protected/extensions/yii-mail/vendors/swiftMailer/classes/Swift/Transport/AbstractSmtpTransport.php(101): Swift_Transport_StreamBuffer->initialize()
#1 /var/www/html/kritvapms/protected/extensions/yii-mail/vendors/swiftMailer/classes/Swift/Mailer.php(74): Swift_SmtpTransport->start()
#2 /var/www/html/kritvapms/protected/extensions/yii-mail/YiiMail.php(133): Swift_Mailer->send()
#3 /var/www/html/kritvapms/protected/controllers/SetgoalsController.php(836): YiiMail->send()
#4 /var/www/html/kritvapms/framework/web/actions/CInlineAction.php(49): SetgoalsController->actionsend_demo()
#5 /var/www/html/kritvapms/framework/web/CController.php(308): CInlineAction->runWithParams()
#6 /var/www/html/kritvapms/framework/web/CController.php(286): SetgoalsController->runAction()
#7 /var/www/html/kritvapms/framework/web/CController.php(265): SetgoalsController->runActionWithFilters()
#8 /var/www/html/kritvapms/framework/web/CWebApplication.php(282): SetgoalsController->run()
#9 /var/www/html/kritvapms/framework/web/CWebApplication.php(141): CWebApplication->runController()
#10 /var/www/html/kritvapms/framework/base/CApplication.php(185): CWebApplication->processRequest()
#11 /var/www/html/kritvapms/index.php(14): CWebApplication->run()
REQUEST_URI=/kritvapms/index.php/Setgoals/send_demo
2017/08/02 12:34:20 [error] [php] fsockopen(): SSL operation failed with code 1. OpenSSL Error messages:
error:1408F10B:SSL routines:SSL3_GET_RECORD:wrong version number (/var/www/html/kritvapms/protected/extensions/yii-mail/vendors/swiftMailer/classes/Swift/Transport/StreamBuffer.php:234)
Stack trace:
#0 /var/www/html/kritvapms/protected/extensions/yii-mail/vendors/swiftMailer/classes/Swift/Transport/AbstractSmtpTransport.php(101): Swift_Transport_StreamBuffer->initialize()
#1 /var/www/html/kritvapms/protected/extensions/yii-mail/vendors/swiftMailer/classes/Swift/Mailer.php(74): Swift_SmtpTransport->start()
#2 /var/www/html/kritvapms/protected/extensions/yii-mail/YiiMail.php(133): Swift_Mailer->send()
#3 /var/www/html/kritvapms/protected/controllers/SetgoalsController.php(836): YiiMail->send()
#4 /var/www/html/kritvapms/framework/web/actions/CInlineAction.php(49): SetgoalsController->actionsend_demo()
#5 /var/www/html/kritvapms/framework/web/CController.php(308): CInlineAction->runWithParams()
#6 /var/www/html/kritvapms/framework/web/CController.php(286): SetgoalsController->runAction()
#7 /var/www/html/kritvapms/framework/web/CController.php(265): SetgoalsController->runActionWithFilters()
#8 /var/www/html/kritvapms/framework/web/CWebApplication.php(282): SetgoalsController->run()
#9 /var/www/html/kritvapms/framework/web/CWebApplication.php(141): CWebApplication->runController()
#10 /var/www/html/kritvapms/framework/base/CApplication.php(185): CWebApplication->processRequest()
#11 /var/www/html/kritvapms/index.php(14): CWebApplication->run()
REQUEST_URI=/kritvapms/index.php/Setgoals/send_demo
2017/08/02 12:34:37 [error] [php] fsockopen(): SSL operation failed with code 1. OpenSSL Error messages:
error:1408F10B:SSL routines:SSL3_GET_RECORD:wrong version number (/var/www/html/kritvapms/protected/extensions/yii-mail/vendors/swiftMailer/classes/Swift/Transport/StreamBuffer.php:234)
Stack trace:
#0 /var/www/html/kritvapms/protected/extensions/yii-mail/vendors/swiftMailer/classes/Swift/Transport/AbstractSmtpTransport.php(101): Swift_Transport_StreamBuffer->initialize()
#1 /var/www/html/kritvapms/protected/extensions/yii-mail/vendors/swiftMailer/classes/Swift/Mailer.php(74): Swift_SmtpTransport->start()
#2 /var/www/html/kritvapms/protected/extensions/yii-mail/YiiMail.php(133): Swift_Mailer->send()
#3 /var/www/html/kritvapms/protected/controllers/SetgoalsController.php(836): YiiMail->send()
#4 /var/www/html/kritvapms/framework/web/actions/CInlineAction.php(49): SetgoalsController->actionsend_demo()
#5 /var/www/html/kritvapms/framework/web/CController.php(308): CInlineAction->runWithParams()
#6 /var/www/html/kritvapms/framework/web/CController.php(286): SetgoalsController->runAction()
#7 /var/www/html/kritvapms/framework/web/CController.php(265): SetgoalsController->runActionWithFilters()
#8 /var/www/html/kritvapms/framework/web/CWebApplication.php(282): SetgoalsController->run()
#9 /var/www/html/kritvapms/framework/web/CWebApplication.php(141): CWebApplication->runController()
#10 /var/www/html/kritvapms/framework/base/CApplication.php(185): CWebApplication->processRequest()
#11 /var/www/html/kritvapms/index.php(14): CWebApplication->run()
REQUEST_URI=/kritvapms/index.php/Setgoals/send_demo
2017/08/02 12:34:41 [error] [php] fsockopen(): SSL operation failed with code 1. OpenSSL Error messages:
error:1408F10B:SSL routines:SSL3_GET_RECORD:wrong version number (/var/www/html/kritvapms/protected/extensions/yii-mail/vendors/swiftMailer/classes/Swift/Transport/StreamBuffer.php:234)
Stack trace:
#0 /var/www/html/kritvapms/protected/extensions/yii-mail/vendors/swiftMailer/classes/Swift/Transport/AbstractSmtpTransport.php(101): Swift_Transport_StreamBuffer->initialize()
#1 /var/www/html/kritvapms/protected/extensions/yii-mail/vendors/swiftMailer/classes/Swift/Mailer.php(74): Swift_SmtpTransport->start()
#2 /var/www/html/kritvapms/protected/extensions/yii-mail/YiiMail.php(133): Swift_Mailer->send()
#3 /var/www/html/kritvapms/protected/controllers/SetgoalsController.php(836): YiiMail->send()
#4 /var/www/html/kritvapms/framework/web/actions/CInlineAction.php(49): SetgoalsController->actionsend_demo()
#5 /var/www/html/kritvapms/framework/web/CController.php(308): CInlineAction->runWithParams()
#6 /var/www/html/kritvapms/framework/web/CController.php(286): SetgoalsController->runAction()
#7 /var/www/html/kritvapms/framework/web/CController.php(265): SetgoalsController->runActionWithFilters()
#8 /var/www/html/kritvapms/framework/web/CWebApplication.php(282): SetgoalsController->run()
#9 /var/www/html/kritvapms/framework/web/CWebApplication.php(141): CWebApplication->runController()
#10 /var/www/html/kritvapms/framework/base/CApplication.php(185): CWebApplication->processRequest()
#11 /var/www/html/kritvapms/index.php(14): CWebApplication->run()
REQUEST_URI=/kritvapms/index.php/Setgoals/send_demo
2017/08/02 12:34:53 [error] [php] fsockopen(): Peer certificate CN=`*.webhostbox.net' did not match expected CN=`webmail.kritva.com' (/var/www/html/kritvapms/protected/extensions/yii-mail/vendors/swiftMailer/classes/Swift/Transport/StreamBuffer.php:234)
Stack trace:
#0 /var/www/html/kritvapms/protected/extensions/yii-mail/vendors/swiftMailer/classes/Swift/Transport/AbstractSmtpTransport.php(101): Swift_Transport_StreamBuffer->initialize()
#1 /var/www/html/kritvapms/protected/extensions/yii-mail/vendors/swiftMailer/classes/Swift/Mailer.php(74): Swift_SmtpTransport->start()
#2 /var/www/html/kritvapms/protected/extensions/yii-mail/YiiMail.php(133): Swift_Mailer->send()
#3 /var/www/html/kritvapms/protected/controllers/SetgoalsController.php(836): YiiMail->send()
#4 /var/www/html/kritvapms/framework/web/actions/CInlineAction.php(49): SetgoalsController->actionsend_demo()
#5 /var/www/html/kritvapms/framework/web/CController.php(308): CInlineAction->runWithParams()
#6 /var/www/html/kritvapms/framework/web/CController.php(286): SetgoalsController->runAction()
#7 /var/www/html/kritvapms/framework/web/CController.php(265): SetgoalsController->runActionWithFilters()
#8 /var/www/html/kritvapms/framework/web/CWebApplication.php(282): SetgoalsController->run()
#9 /var/www/html/kritvapms/framework/web/CWebApplication.php(141): CWebApplication->runController()
#10 /var/www/html/kritvapms/framework/base/CApplication.php(185): CWebApplication->processRequest()
#11 /var/www/html/kritvapms/index.php(14): CWebApplication->run()
REQUEST_URI=/kritvapms/index.php/Setgoals/send_demo
2017/08/02 12:37:00 [error] [php] Call to undefined method setStreamOptions (/var/www/html/kritvapms/protected/extensions/yii-mail/vendors/swiftMailer/classes/Swift/Transport/EsmtpTransport.php:223)
Stack trace:
#0 /var/www/html/kritvapms/protected/extensions/yii-mail/YiiMail.php(227): YiiMail->getTransport()
#1 /var/www/html/kritvapms/protected/extensions/yii-mail/YiiMail.php(133): YiiMail->getMailer()
#2 /var/www/html/kritvapms/protected/controllers/SetgoalsController.php(836): YiiMail->send()
#3 /var/www/html/kritvapms/framework/web/actions/CInlineAction.php(49): SetgoalsController->actionsend_demo()
#4 /var/www/html/kritvapms/framework/web/CController.php(308): CInlineAction->runWithParams()
#5 /var/www/html/kritvapms/framework/web/CController.php(286): SetgoalsController->runAction()
#6 /var/www/html/kritvapms/framework/web/CController.php(265): SetgoalsController->runActionWithFilters()
#7 /var/www/html/kritvapms/framework/web/CWebApplication.php(282): SetgoalsController->run()
#8 /var/www/html/kritvapms/framework/web/CWebApplication.php(141): CWebApplication->runController()
#9 /var/www/html/kritvapms/framework/base/CApplication.php(185): CWebApplication->processRequest()
#10 /var/www/html/kritvapms/index.php(14): CWebApplication->run()
REQUEST_URI=/kritvapms/index.php/Setgoals/send_demo
2017/08/02 12:37:05 [error] [php] Call to undefined method setStreamOptions (/var/www/html/kritvapms/protected/extensions/yii-mail/vendors/swiftMailer/classes/Swift/Transport/EsmtpTransport.php:223)
Stack trace:
#0 /var/www/html/kritvapms/protected/extensions/yii-mail/YiiMail.php(227): YiiMail->getTransport()
#1 /var/www/html/kritvapms/protected/extensions/yii-mail/YiiMail.php(133): YiiMail->getMailer()
#2 /var/www/html/kritvapms/protected/controllers/SetgoalsController.php(836): YiiMail->send()
#3 /var/www/html/kritvapms/framework/web/actions/CInlineAction.php(49): SetgoalsController->actionsend_demo()
#4 /var/www/html/kritvapms/framework/web/CController.php(308): CInlineAction->runWithParams()
#5 /var/www/html/kritvapms/framework/web/CController.php(286): SetgoalsController->runAction()
#6 /var/www/html/kritvapms/framework/web/CController.php(265): SetgoalsController->runActionWithFilters()
#7 /var/www/html/kritvapms/framework/web/CWebApplication.php(282): SetgoalsController->run()
#8 /var/www/html/kritvapms/framework/web/CWebApplication.php(141): CWebApplication->runController()
#9 /var/www/html/kritvapms/framework/base/CApplication.php(185): CWebApplication->processRequest()
#10 /var/www/html/kritvapms/index.php(14): CWebApplication->run()
REQUEST_URI=/kritvapms/index.php/Setgoals/send_demo
2017/08/02 12:37:33 [error] [php] include(Swift_SmtpTransport.php): failed to open stream: No such file or directory (/var/www/html/kritvapms/framework/YiiBase.php:432)
Stack trace:
#0 unknown(0): spl_autoload_call()
#1 /var/www/html/kritvapms/framework/YiiBase.php(303): class_exists()
#2 /var/www/html/kritvapms/framework/YiiBase.php(196): import()
#3 /var/www/html/kritvapms/framework/base/CModule.php(393): createComponent()
#4 /var/www/html/kritvapms/framework/base/CModule.php(103): CWebApplication->getComponent()
#5 /var/www/html/kritvapms/protected/extensions/yii-mail/YiiMailMessage.php(112): CWebApplication->__get()
#6 /var/www/html/kritvapms/protected/controllers/SetgoalsController.php(830): YiiMailMessage->__construct()
#7 /var/www/html/kritvapms/framework/web/actions/CInlineAction.php(49): SetgoalsController->actionsend_demo()
#8 /var/www/html/kritvapms/framework/web/CController.php(308): CInlineAction->runWithParams()
#9 /var/www/html/kritvapms/framework/web/CController.php(286): SetgoalsController->runAction()
#10 /var/www/html/kritvapms/framework/web/CController.php(265): SetgoalsController->runActionWithFilters()
#11 /var/www/html/kritvapms/framework/web/CWebApplication.php(282): SetgoalsController->run()
#12 /var/www/html/kritvapms/framework/web/CWebApplication.php(141): CWebApplication->runController()
#13 /var/www/html/kritvapms/framework/base/CApplication.php(185): CWebApplication->processRequest()
#14 /var/www/html/kritvapms/index.php(14): CWebApplication->run()
REQUEST_URI=/kritvapms/index.php/Setgoals/send_demo
2017/08/02 12:39:00 [error] [php] Call to undefined method setSMTPAuth (/var/www/html/kritvapms/protected/extensions/yii-mail/vendors/swiftMailer/classes/Swift/Transport/EsmtpTransport.php:223)
Stack trace:
#0 /var/www/html/kritvapms/protected/extensions/yii-mail/YiiMail.php(227): YiiMail->getTransport()
#1 /var/www/html/kritvapms/protected/extensions/yii-mail/YiiMail.php(133): YiiMail->getMailer()
#2 /var/www/html/kritvapms/protected/controllers/SetgoalsController.php(836): YiiMail->send()
#3 /var/www/html/kritvapms/framework/web/actions/CInlineAction.php(49): SetgoalsController->actionsend_demo()
#4 /var/www/html/kritvapms/framework/web/CController.php(308): CInlineAction->runWithParams()
#5 /var/www/html/kritvapms/framework/web/CController.php(286): SetgoalsController->runAction()
#6 /var/www/html/kritvapms/framework/web/CController.php(265): SetgoalsController->runActionWithFilters()
#7 /var/www/html/kritvapms/framework/web/CWebApplication.php(282): SetgoalsController->run()
#8 /var/www/html/kritvapms/framework/web/CWebApplication.php(141): CWebApplication->runController()
#9 /var/www/html/kritvapms/framework/base/CApplication.php(185): CWebApplication->processRequest()
#10 /var/www/html/kritvapms/index.php(14): CWebApplication->run()
REQUEST_URI=/kritvapms/index.php/Setgoals/send_demo
2017/08/02 12:40:48 [error] [exception.CException] CException: Alias "yii.swiftmailer" is invalid. Make sure it points to an existing directory or file. in /var/www/html/kritvapms/framework/YiiBase.php:295
Stack trace:
#0 /var/www/html/kritvapms/framework/YiiBase.php(196): YiiBase::import('yii\\swiftmailer...', true)
#1 /var/www/html/kritvapms/framework/base/CModule.php(393): YiiBase::createComponent(Array)
#2 /var/www/html/kritvapms/framework/base/CModule.php(103): CModule->getComponent('mail')
#3 /var/www/html/kritvapms/protected/extensions/yii-mail/YiiMailMessage.php(112): CModule->__get('mail')
#4 /var/www/html/kritvapms/protected/controllers/SetgoalsController.php(830): YiiMailMessage->__construct()
#5 /var/www/html/kritvapms/framework/web/actions/CInlineAction.php(49): SetgoalsController->actionsend_demo()
#6 /var/www/html/kritvapms/framework/web/CController.php(308): CInlineAction->runWithParams(Array)
#7 /var/www/html/kritvapms/framework/web/CController.php(286): CController->runAction(Object(CInlineAction))
#8 /var/www/html/kritvapms/framework/web/CController.php(265): CController->runActionWithFilters(Object(CInlineAction), Array)
#9 /var/www/html/kritvapms/framework/web/CWebApplication.php(282): CController->run('send_demo')
#10 /var/www/html/kritvapms/framework/web/CWebApplication.php(141): CWebApplication->runController('Setgoals/send_d...')
#11 /var/www/html/kritvapms/framework/base/CApplication.php(185): CWebApplication->processRequest()
#12 /var/www/html/kritvapms/index.php(14): CApplication->run()
#13 {main}
REQUEST_URI=/kritvapms/index.php/Setgoals/send_demo
---
2017/08/02 12:42:42 [error] [php] include(Swift_SmtpTransport.php): failed to open stream: No such file or directory (/var/www/html/kritvapms/framework/YiiBase.php:432)
Stack trace:
#0 unknown(0): spl_autoload_call()
#1 /var/www/html/kritvapms/framework/YiiBase.php(303): class_exists()
#2 /var/www/html/kritvapms/framework/YiiBase.php(196): import()
#3 /var/www/html/kritvapms/framework/base/CModule.php(393): createComponent()
#4 /var/www/html/kritvapms/framework/base/CModule.php(103): CWebApplication->getComponent()
#5 /var/www/html/kritvapms/protected/extensions/yii-mail/YiiMailMessage.php(112): CWebApplication->__get()
#6 /var/www/html/kritvapms/protected/controllers/SetgoalsController.php(830): YiiMailMessage->__construct()
#7 /var/www/html/kritvapms/framework/web/actions/CInlineAction.php(49): SetgoalsController->actionsend_demo()
#8 /var/www/html/kritvapms/framework/web/CController.php(308): CInlineAction->runWithParams()
#9 /var/www/html/kritvapms/framework/web/CController.php(286): SetgoalsController->runAction()
#10 /var/www/html/kritvapms/framework/web/CController.php(265): SetgoalsController->runActionWithFilters()
#11 /var/www/html/kritvapms/framework/web/CWebApplication.php(282): SetgoalsController->run()
#12 /var/www/html/kritvapms/framework/web/CWebApplication.php(141): CWebApplication->runController()
#13 /var/www/html/kritvapms/framework/base/CApplication.php(185): CWebApplication->processRequest()
#14 /var/www/html/kritvapms/index.php(14): CWebApplication->run()
REQUEST_URI=/kritvapms/index.php/Setgoals/send_demo
2017/08/02 12:43:48 [error] [php] Call to undefined method setSsl (/var/www/html/kritvapms/protected/extensions/yii-mail/vendors/swiftMailer/classes/Swift/Transport/EsmtpTransport.php:223)
Stack trace:
#0 /var/www/html/kritvapms/protected/extensions/yii-mail/YiiMail.php(227): YiiMail->getTransport()
#1 /var/www/html/kritvapms/protected/extensions/yii-mail/YiiMail.php(133): YiiMail->getMailer()
#2 /var/www/html/kritvapms/protected/controllers/SetgoalsController.php(836): YiiMail->send()
#3 /var/www/html/kritvapms/framework/web/actions/CInlineAction.php(49): SetgoalsController->actionsend_demo()
#4 /var/www/html/kritvapms/framework/web/CController.php(308): CInlineAction->runWithParams()
#5 /var/www/html/kritvapms/framework/web/CController.php(286): SetgoalsController->runAction()
#6 /var/www/html/kritvapms/framework/web/CController.php(265): SetgoalsController->runActionWithFilters()
#7 /var/www/html/kritvapms/framework/web/CWebApplication.php(282): SetgoalsController->run()
#8 /var/www/html/kritvapms/framework/web/CWebApplication.php(141): CWebApplication->runController()
#9 /var/www/html/kritvapms/framework/base/CApplication.php(185): CWebApplication->processRequest()
#10 /var/www/html/kritvapms/index.php(14): CWebApplication->run()
REQUEST_URI=/kritvapms/index.php/Setgoals/send_demo
2017/08/02 12:44:14 [error] [php] Call to undefined method setVerify_peer (/var/www/html/kritvapms/protected/extensions/yii-mail/vendors/swiftMailer/classes/Swift/Transport/EsmtpTransport.php:223)
Stack trace:
#0 /var/www/html/kritvapms/protected/extensions/yii-mail/YiiMail.php(227): YiiMail->getTransport()
#1 /var/www/html/kritvapms/protected/extensions/yii-mail/YiiMail.php(133): YiiMail->getMailer()
#2 /var/www/html/kritvapms/protected/controllers/SetgoalsController.php(836): YiiMail->send()
#3 /var/www/html/kritvapms/framework/web/actions/CInlineAction.php(49): SetgoalsController->actionsend_demo()
#4 /var/www/html/kritvapms/framework/web/CController.php(308): CInlineAction->runWithParams()
#5 /var/www/html/kritvapms/framework/web/CController.php(286): SetgoalsController->runAction()
#6 /var/www/html/kritvapms/framework/web/CController.php(265): SetgoalsController->runActionWithFilters()
#7 /var/www/html/kritvapms/framework/web/CWebApplication.php(282): SetgoalsController->run()
#8 /var/www/html/kritvapms/framework/web/CWebApplication.php(141): CWebApplication->runController()
#9 /var/www/html/kritvapms/framework/base/CApplication.php(185): CWebApplication->processRequest()
#10 /var/www/html/kritvapms/index.php(14): CWebApplication->run()
REQUEST_URI=/kritvapms/index.php/Setgoals/send_demo
2017/08/02 12:48:20 [error] [exception.CException] CException: Property "YiiMail.verify_peer" is not defined. in /var/www/html/kritvapms/framework/base/CComponent.php:173
Stack trace:
#0 /var/www/html/kritvapms/framework/YiiBase.php(220): CComponent->__set('verify_peer', false)
#1 /var/www/html/kritvapms/framework/base/CModule.php(393): YiiBase::createComponent(Array)
#2 /var/www/html/kritvapms/framework/base/CModule.php(103): CModule->getComponent('mail')
#3 /var/www/html/kritvapms/protected/extensions/yii-mail/YiiMailMessage.php(112): CModule->__get('mail')
#4 /var/www/html/kritvapms/protected/controllers/SetgoalsController.php(830): YiiMailMessage->__construct()
#5 /var/www/html/kritvapms/framework/web/actions/CInlineAction.php(49): SetgoalsController->actionsend_demo()
#6 /var/www/html/kritvapms/framework/web/CController.php(308): CInlineAction->runWithParams(Array)
#7 /var/www/html/kritvapms/framework/web/CController.php(286): CController->runAction(Object(CInlineAction))
#8 /var/www/html/kritvapms/framework/web/CController.php(265): CController->runActionWithFilters(Object(CInlineAction), Array)
#9 /var/www/html/kritvapms/framework/web/CWebApplication.php(282): CController->run('send_demo')
#10 /var/www/html/kritvapms/framework/web/CWebApplication.php(141): CWebApplication->runController('Setgoals/send_d...')
#11 /var/www/html/kritvapms/framework/base/CApplication.php(185): CWebApplication->processRequest()
#12 /var/www/html/kritvapms/index.php(14): CApplication->run()
#13 {main}
REQUEST_URI=/kritvapms/index.php/Setgoals/send_demo
---
2017/08/02 12:49:25 [error] [php] fsockopen(): SSL operation failed with code 1. OpenSSL Error messages:
error:1408F10B:SSL routines:SSL3_GET_RECORD:wrong version number (/var/www/html/kritvapms/protected/extensions/yii-mail/vendors/swiftMailer/classes/Swift/Transport/StreamBuffer.php:234)
Stack trace:
#0 /var/www/html/kritvapms/protected/extensions/yii-mail/vendors/swiftMailer/classes/Swift/Transport/AbstractSmtpTransport.php(101): Swift_Transport_StreamBuffer->initialize()
#1 /var/www/html/kritvapms/protected/extensions/yii-mail/vendors/swiftMailer/classes/Swift/Mailer.php(74): Swift_SmtpTransport->start()
#2 /var/www/html/kritvapms/protected/extensions/yii-mail/YiiMail.php(133): Swift_Mailer->send()
#3 /var/www/html/kritvapms/protected/controllers/SetgoalsController.php(836): YiiMail->send()
#4 /var/www/html/kritvapms/framework/web/actions/CInlineAction.php(49): SetgoalsController->actionsend_demo()
#5 /var/www/html/kritvapms/framework/web/CController.php(308): CInlineAction->runWithParams()
#6 /var/www/html/kritvapms/framework/web/CController.php(286): SetgoalsController->runAction()
#7 /var/www/html/kritvapms/framework/web/CController.php(265): SetgoalsController->runActionWithFilters()
#8 /var/www/html/kritvapms/framework/web/CWebApplication.php(282): SetgoalsController->run()
#9 /var/www/html/kritvapms/framework/web/CWebApplication.php(141): CWebApplication->runController()
#10 /var/www/html/kritvapms/framework/base/CApplication.php(185): CWebApplication->processRequest()
#11 /var/www/html/kritvapms/index.php(14): CWebApplication->run()
REQUEST_URI=/kritvapms/index.php/Setgoals/send_demo
2017/08/02 12:52:54 [error] [php] fsockopen(): Peer certificate CN=`*.webhostbox.net' did not match expected CN=`webmail.kritva.com' (/var/www/html/kritvapms/protected/extensions/yii-mail/vendors/swiftMailer/classes/Swift/Transport/StreamBuffer.php:234)
Stack trace:
#0 /var/www/html/kritvapms/protected/extensions/yii-mail/vendors/swiftMailer/classes/Swift/Transport/AbstractSmtpTransport.php(101): Swift_Transport_StreamBuffer->initialize()
#1 /var/www/html/kritvapms/protected/extensions/yii-mail/vendors/swiftMailer/classes/Swift/Mailer.php(74): Swift_SmtpTransport->start()
#2 /var/www/html/kritvapms/protected/extensions/yii-mail/YiiMail.php(133): Swift_Mailer->send()
#3 /var/www/html/kritvapms/protected/controllers/SetgoalsController.php(836): YiiMail->send()
#4 /var/www/html/kritvapms/framework/web/actions/CInlineAction.php(49): SetgoalsController->actionsend_demo()
#5 /var/www/html/kritvapms/framework/web/CController.php(308): CInlineAction->runWithParams()
#6 /var/www/html/kritvapms/framework/web/CController.php(286): SetgoalsController->runAction()
#7 /var/www/html/kritvapms/framework/web/CController.php(265): SetgoalsController->runActionWithFilters()
#8 /var/www/html/kritvapms/framework/web/CWebApplication.php(282): SetgoalsController->run()
#9 /var/www/html/kritvapms/framework/web/CWebApplication.php(141): CWebApplication->runController()
#10 /var/www/html/kritvapms/framework/base/CApplication.php(185): CWebApplication->processRequest()
#11 /var/www/html/kritvapms/index.php(14): CWebApplication->run()
REQUEST_URI=/kritvapms/index.php/Setgoals/send_demo
2017/08/02 12:53:20 [error] [php] fsockopen(): Peer certificate CN=`*.webhostbox.net' did not match expected CN=`kritva.com' (/var/www/html/kritvapms/protected/extensions/yii-mail/vendors/swiftMailer/classes/Swift/Transport/StreamBuffer.php:234)
Stack trace:
#0 /var/www/html/kritvapms/protected/extensions/yii-mail/vendors/swiftMailer/classes/Swift/Transport/AbstractSmtpTransport.php(101): Swift_Transport_StreamBuffer->initialize()
#1 /var/www/html/kritvapms/protected/extensions/yii-mail/vendors/swiftMailer/classes/Swift/Mailer.php(74): Swift_SmtpTransport->start()
#2 /var/www/html/kritvapms/protected/extensions/yii-mail/YiiMail.php(133): Swift_Mailer->send()
#3 /var/www/html/kritvapms/protected/controllers/SetgoalsController.php(836): YiiMail->send()
#4 /var/www/html/kritvapms/framework/web/actions/CInlineAction.php(49): SetgoalsController->actionsend_demo()
#5 /var/www/html/kritvapms/framework/web/CController.php(308): CInlineAction->runWithParams()
#6 /var/www/html/kritvapms/framework/web/CController.php(286): SetgoalsController->runAction()
#7 /var/www/html/kritvapms/framework/web/CController.php(265): SetgoalsController->runActionWithFilters()
#8 /var/www/html/kritvapms/framework/web/CWebApplication.php(282): SetgoalsController->run()
#9 /var/www/html/kritvapms/framework/web/CWebApplication.php(141): CWebApplication->runController()
#10 /var/www/html/kritvapms/framework/base/CApplication.php(185): CWebApplication->processRequest()
#11 /var/www/html/kritvapms/index.php(14): CWebApplication->run()
REQUEST_URI=/kritvapms/index.php/Setgoals/send_demo
2017/08/02 12:55:12 [error] [php] fsockopen(): SSL operation failed with code 1. OpenSSL Error messages:
error:1408F10B:SSL routines:SSL3_GET_RECORD:wrong version number (/var/www/html/kritvapms/protected/extensions/yii-mail/vendors/swiftMailer/classes/Swift/Transport/StreamBuffer.php:234)
Stack trace:
#0 /var/www/html/kritvapms/protected/extensions/yii-mail/vendors/swiftMailer/classes/Swift/Transport/AbstractSmtpTransport.php(101): Swift_Transport_StreamBuffer->initialize()
#1 /var/www/html/kritvapms/protected/extensions/yii-mail/vendors/swiftMailer/classes/Swift/Mailer.php(74): Swift_SmtpTransport->start()
#2 /var/www/html/kritvapms/protected/extensions/yii-mail/YiiMail.php(133): Swift_Mailer->send()
#3 /var/www/html/kritvapms/protected/controllers/SetgoalsController.php(836): YiiMail->send()
#4 /var/www/html/kritvapms/framework/web/actions/CInlineAction.php(49): SetgoalsController->actionsend_demo()
#5 /var/www/html/kritvapms/framework/web/CController.php(308): CInlineAction->runWithParams()
#6 /var/www/html/kritvapms/framework/web/CController.php(286): SetgoalsController->runAction()
#7 /var/www/html/kritvapms/framework/web/CController.php(265): SetgoalsController->runActionWithFilters()
#8 /var/www/html/kritvapms/framework/web/CWebApplication.php(282): SetgoalsController->run()
#9 /var/www/html/kritvapms/framework/web/CWebApplication.php(141): CWebApplication->runController()
#10 /var/www/html/kritvapms/framework/base/CApplication.php(185): CWebApplication->processRequest()
#11 /var/www/html/kritvapms/index.php(14): CWebApplication->run()
REQUEST_URI=/kritvapms/index.php/Setgoals/send_demo
2017/08/02 12:55:55 [error] [php] fsockopen(): php_network_getaddresses: getaddrinfo failed: Name or service not known (/var/www/html/kritvapms/protected/extensions/yii-mail/vendors/swiftMailer/classes/Swift/Transport/StreamBuffer.php:234)
Stack trace:
#0 /var/www/html/kritvapms/protected/extensions/yii-mail/vendors/swiftMailer/classes/Swift/Transport/AbstractSmtpTransport.php(101): Swift_Transport_StreamBuffer->initialize()
#1 /var/www/html/kritvapms/protected/extensions/yii-mail/vendors/swiftMailer/classes/Swift/Mailer.php(74): Swift_SmtpTransport->start()
#2 /var/www/html/kritvapms/protected/extensions/yii-mail/YiiMail.php(133): Swift_Mailer->send()
#3 /var/www/html/kritvapms/protected/controllers/SetgoalsController.php(836): YiiMail->send()
#4 /var/www/html/kritvapms/framework/web/actions/CInlineAction.php(49): SetgoalsController->actionsend_demo()
#5 /var/www/html/kritvapms/framework/web/CController.php(308): CInlineAction->runWithParams()
#6 /var/www/html/kritvapms/framework/web/CController.php(286): SetgoalsController->runAction()
#7 /var/www/html/kritvapms/framework/web/CController.php(265): SetgoalsController->runActionWithFilters()
#8 /var/www/html/kritvapms/framework/web/CWebApplication.php(282): SetgoalsController->run()
#9 /var/www/html/kritvapms/framework/web/CWebApplication.php(141): CWebApplication->runController()
#10 /var/www/html/kritvapms/framework/base/CApplication.php(185): CWebApplication->processRequest()
#11 /var/www/html/kritvapms/index.php(14): CWebApplication->run()
REQUEST_URI=/kritvapms/index.php/Setgoals/send_demo
2017/08/02 12:56:09 [error] [php] fsockopen(): php_network_getaddresses: getaddrinfo failed: Name or service not known (/var/www/html/kritvapms/protected/extensions/yii-mail/vendors/swiftMailer/classes/Swift/Transport/StreamBuffer.php:234)
Stack trace:
#0 /var/www/html/kritvapms/protected/extensions/yii-mail/vendors/swiftMailer/classes/Swift/Transport/AbstractSmtpTransport.php(101): Swift_Transport_StreamBuffer->initialize()
#1 /var/www/html/kritvapms/protected/extensions/yii-mail/vendors/swiftMailer/classes/Swift/Mailer.php(74): Swift_SmtpTransport->start()
#2 /var/www/html/kritvapms/protected/extensions/yii-mail/YiiMail.php(133): Swift_Mailer->send()
#3 /var/www/html/kritvapms/protected/controllers/SetgoalsController.php(836): YiiMail->send()
#4 /var/www/html/kritvapms/framework/web/actions/CInlineAction.php(49): SetgoalsController->actionsend_demo()
#5 /var/www/html/kritvapms/framework/web/CController.php(308): CInlineAction->runWithParams()
#6 /var/www/html/kritvapms/framework/web/CController.php(286): SetgoalsController->runAction()
#7 /var/www/html/kritvapms/framework/web/CController.php(265): SetgoalsController->runActionWithFilters()
#8 /var/www/html/kritvapms/framework/web/CWebApplication.php(282): SetgoalsController->run()
#9 /var/www/html/kritvapms/framework/web/CWebApplication.php(141): CWebApplication->runController()
#10 /var/www/html/kritvapms/framework/base/CApplication.php(185): CWebApplication->processRequest()
#11 /var/www/html/kritvapms/index.php(14): CWebApplication->run()
REQUEST_URI=/kritvapms/index.php/Setgoals/send_demo
2017/08/02 12:56:24 [error] [php] fsockopen(): SSL operation failed with code 1. OpenSSL Error messages:
error:1408F10B:SSL routines:SSL3_GET_RECORD:wrong version number (/var/www/html/kritvapms/protected/extensions/yii-mail/vendors/swiftMailer/classes/Swift/Transport/StreamBuffer.php:234)
Stack trace:
#0 /var/www/html/kritvapms/protected/extensions/yii-mail/vendors/swiftMailer/classes/Swift/Transport/AbstractSmtpTransport.php(101): Swift_Transport_StreamBuffer->initialize()
#1 /var/www/html/kritvapms/protected/extensions/yii-mail/vendors/swiftMailer/classes/Swift/Mailer.php(74): Swift_SmtpTransport->start()
#2 /var/www/html/kritvapms/protected/extensions/yii-mail/YiiMail.php(133): Swift_Mailer->send()
#3 /var/www/html/kritvapms/protected/controllers/SetgoalsController.php(836): YiiMail->send()
#4 /var/www/html/kritvapms/framework/web/actions/CInlineAction.php(49): SetgoalsController->actionsend_demo()
#5 /var/www/html/kritvapms/framework/web/CController.php(308): CInlineAction->runWithParams()
#6 /var/www/html/kritvapms/framework/web/CController.php(286): SetgoalsController->runAction()
#7 /var/www/html/kritvapms/framework/web/CController.php(265): SetgoalsController->runActionWithFilters()
#8 /var/www/html/kritvapms/framework/web/CWebApplication.php(282): SetgoalsController->run()
#9 /var/www/html/kritvapms/framework/web/CWebApplication.php(141): CWebApplication->runController()
#10 /var/www/html/kritvapms/framework/base/CApplication.php(185): CWebApplication->processRequest()
#11 /var/www/html/kritvapms/index.php(14): CWebApplication->run()
REQUEST_URI=/kritvapms/index.php/Setgoals/send_demo
2017/08/02 13:03:39 [error] [php] Call to undefined method setOptions (/var/www/html/kritvapms/protected/extensions/yii-mail/vendors/swiftMailer/classes/Swift/Transport/EsmtpTransport.php:223)
Stack trace:
#0 /var/www/html/kritvapms/protected/extensions/yii-mail/YiiMail.php(227): YiiMail->getTransport()
#1 /var/www/html/kritvapms/protected/extensions/yii-mail/YiiMail.php(133): YiiMail->getMailer()
#2 /var/www/html/kritvapms/protected/controllers/SetgoalsController.php(836): YiiMail->send()
#3 /var/www/html/kritvapms/framework/web/actions/CInlineAction.php(49): SetgoalsController->actionsend_demo()
#4 /var/www/html/kritvapms/framework/web/CController.php(308): CInlineAction->runWithParams()
#5 /var/www/html/kritvapms/framework/web/CController.php(286): SetgoalsController->runAction()
#6 /var/www/html/kritvapms/framework/web/CController.php(265): SetgoalsController->runActionWithFilters()
#7 /var/www/html/kritvapms/framework/web/CWebApplication.php(282): SetgoalsController->run()
#8 /var/www/html/kritvapms/framework/web/CWebApplication.php(141): CWebApplication->runController()
#9 /var/www/html/kritvapms/framework/base/CApplication.php(185): CWebApplication->processRequest()
#10 /var/www/html/kritvapms/index.php(14): CWebApplication->run()
REQUEST_URI=/kritvapms/index.php/Setgoals/send_demo
2017/08/02 13:04:11 [error] [php] Call to undefined method setOptions (/var/www/html/kritvapms/protected/extensions/yii-mail/vendors/swiftMailer/classes/Swift/Transport/EsmtpTransport.php:223)
Stack trace:
#0 /var/www/html/kritvapms/protected/extensions/yii-mail/YiiMail.php(227): YiiMail->getTransport()
#1 /var/www/html/kritvapms/protected/extensions/yii-mail/YiiMail.php(133): YiiMail->getMailer()
#2 /var/www/html/kritvapms/protected/controllers/SetgoalsController.php(836): YiiMail->send()
#3 /var/www/html/kritvapms/framework/web/actions/CInlineAction.php(49): SetgoalsController->actionsend_demo()
#4 /var/www/html/kritvapms/framework/web/CController.php(308): CInlineAction->runWithParams()
#5 /var/www/html/kritvapms/framework/web/CController.php(286): SetgoalsController->runAction()
#6 /var/www/html/kritvapms/framework/web/CController.php(265): SetgoalsController->runActionWithFilters()
#7 /var/www/html/kritvapms/framework/web/CWebApplication.php(282): SetgoalsController->run()
#8 /var/www/html/kritvapms/framework/web/CWebApplication.php(141): CWebApplication->runController()
#9 /var/www/html/kritvapms/framework/base/CApplication.php(185): CWebApplication->processRequest()
#10 /var/www/html/kritvapms/index.php(14): CWebApplication->run()
REQUEST_URI=/kritvapms/index.php/Setgoals/send_demo
2017/08/02 13:05:09 [error] [exception.CException] CException: Property "YiiMail.options" is not defined. in /var/www/html/kritvapms/framework/base/CComponent.php:173
Stack trace:
#0 /var/www/html/kritvapms/framework/YiiBase.php(220): CComponent->__set('options', Array)
#1 /var/www/html/kritvapms/framework/base/CModule.php(393): YiiBase::createComponent(Array)
#2 /var/www/html/kritvapms/framework/base/CModule.php(103): CModule->getComponent('mail')
#3 /var/www/html/kritvapms/protected/extensions/yii-mail/YiiMailMessage.php(112): CModule->__get('mail')
#4 /var/www/html/kritvapms/protected/controllers/SetgoalsController.php(830): YiiMailMessage->__construct()
#5 /var/www/html/kritvapms/framework/web/actions/CInlineAction.php(49): SetgoalsController->actionsend_demo()
#6 /var/www/html/kritvapms/framework/web/CController.php(308): CInlineAction->runWithParams(Array)
#7 /var/www/html/kritvapms/framework/web/CController.php(286): CController->runAction(Object(CInlineAction))
#8 /var/www/html/kritvapms/framework/web/CController.php(265): CController->runActionWithFilters(Object(CInlineAction), Array)
#9 /var/www/html/kritvapms/framework/web/CWebApplication.php(282): CController->run('send_demo')
#10 /var/www/html/kritvapms/framework/web/CWebApplication.php(141): CWebApplication->runController('Setgoals/send_d...')
#11 /var/www/html/kritvapms/framework/base/CApplication.php(185): CWebApplication->processRequest()
#12 /var/www/html/kritvapms/index.php(14): CApplication->run()
#13 {main}
REQUEST_URI=/kritvapms/index.php/Setgoals/send_demo
---
2017/08/02 13:10:39 [error] [exception.ParseError] ParseError: syntax error, unexpected end of file in /var/www/html/kritvapms/protected/controllers/SetgoalsController.php:905
Stack trace:
#0 /var/www/html/kritvapms/framework/web/CWebApplication.php(276): CWebApplication->createController('save_kpi/')
#1 /var/www/html/kritvapms/framework/web/CWebApplication.php(141): CWebApplication->runController('setgoals/save_k...')
#2 /var/www/html/kritvapms/framework/base/CApplication.php(185): CWebApplication->processRequest()
#3 /var/www/html/kritvapms/index.php(14): CApplication->run()
#4 {main}
REQUEST_URI=/kritvapms/index.php?r=setgoals/save_kpi
HTTP_REFERER=http://52.172.210.251/kritvapms/index.php?r=Setgoals/
---
2017/08/02 13:17:49 [error] [php] Undefined offset: 0 (/var/www/html/kritvapms/protected/controllers/Admin_DashboardController.php:181)
Stack trace:
#0 /var/www/html/kritvapms/framework/web/CController.php(286): Admin_DashboardController->runAction()
#1 /var/www/html/kritvapms/framework/web/CController.php(265): Admin_DashboardController->runActionWithFilters()
#2 /var/www/html/kritvapms/framework/web/CWebApplication.php(282): Admin_DashboardController->run()
#3 /var/www/html/kritvapms/framework/web/CWebApplication.php(141): CWebApplication->runController()
#4 /var/www/html/kritvapms/framework/base/CApplication.php(185): CWebApplication->processRequest()
#5 /var/www/html/kritvapms/index.php(14): CWebApplication->run()
REQUEST_URI=/kritvapms/index.php?r=Admin_Dashboard
2017/08/02 13:18:29 [error] [php] Undefined offset: 0 (/var/www/html/kritvapms/protected/controllers/Admin_DashboardController.php:181)
Stack trace:
#0 /var/www/html/kritvapms/framework/web/CController.php(286): Admin_DashboardController->runAction()
#1 /var/www/html/kritvapms/framework/web/CController.php(265): Admin_DashboardController->runActionWithFilters()
#2 /var/www/html/kritvapms/framework/web/CWebApplication.php(282): Admin_DashboardController->run()
#3 /var/www/html/kritvapms/framework/web/CWebApplication.php(141): CWebApplication->runController()
#4 /var/www/html/kritvapms/framework/base/CApplication.php(185): CWebApplication->processRequest()
#5 /var/www/html/kritvapms/index.php(14): CWebApplication->run()
REQUEST_URI=/kritvapms/index.php?r=Admin_Dashboard
2017/08/02 13:20:52 [error] [php] Undefined offset: 0 (/var/www/html/kritvapms/protected/controllers/Admin_DashboardController.php:181)
Stack trace:
#0 /var/www/html/kritvapms/framework/web/CController.php(286): Admin_DashboardController->runAction()
#1 /var/www/html/kritvapms/framework/web/CController.php(265): Admin_DashboardController->runActionWithFilters()
#2 /var/www/html/kritvapms/framework/web/CWebApplication.php(282): Admin_DashboardController->run()
#3 /var/www/html/kritvapms/framework/web/CWebApplication.php(141): CWebApplication->runController()
#4 /var/www/html/kritvapms/framework/base/CApplication.php(185): CWebApplication->processRequest()
#5 /var/www/html/kritvapms/index.php(14): CWebApplication->run()
REQUEST_URI=/kritvapms/index.php?r=Admin_Dashboard
2017/08/02 13:37:15 [error] [exception.CHttpException.404] CHttpException: The system is unable to find the requested action "favicon.ico". in /var/www/html/kritvapms/framework/web/CController.php:483
Stack trace:
#0 /var/www/html/kritvapms/framework/web/CController.php(270): CController->missingAction('favicon.ico')
#1 /var/www/html/kritvapms/framework/web/CWebApplication.php(282): CController->run('favicon.ico')
#2 /var/www/html/kritvapms/framework/web/CWebApplication.php(141): CWebApplication->runController('Login/favicon.i...')
#3 /var/www/html/kritvapms/framework/base/CApplication.php(185): CWebApplication->processRequest()
#4 /var/www/html/kritvapms/index.php(14): CApplication->run()
#5 {main}
REQUEST_URI=/kritvapms/index.php/Login/favicon.ico
---
2017/08/02 13:38:53 [error] [exception.CHttpException.404] CHttpException: Unable to resolve the request "libs/Blob.js/BlobBuilder.js". in /var/www/html/kritvapms/framework/web/CWebApplication.php:286
Stack trace:
#0 /var/www/html/kritvapms/framework/web/CWebApplication.php(141): CWebApplication->runController('libs/Blob.js/Bl...')
#1 /var/www/html/kritvapms/framework/base/CApplication.php(185): CWebApplication->processRequest()
#2 /var/www/html/kritvapms/index.php(14): CApplication->run()
#3 {main}
REQUEST_URI=/kritvapms/index.php/libs/Blob.js/BlobBuilder.js
HTTP_REFERER=http://52.172.210.251/kritvapms/index.php/Setgoals
---
2017/08/02 13:38:54 [error] [exception.CHttpException.404] CHttpException: Unable to resolve the request "libs/Blob.js/BlobBuilder.js". in /var/www/html/kritvapms/framework/web/CWebApplication.php:286
Stack trace:
#0 /var/www/html/kritvapms/framework/web/CWebApplication.php(141): CWebApplication->runController('libs/Blob.js/Bl...')
#1 /var/www/html/kritvapms/framework/base/CApplication.php(185): CWebApplication->processRequest()
#2 /var/www/html/kritvapms/index.php(14): CApplication->run()
#3 {main}
REQUEST_URI=/kritvapms/index.php/libs/Blob.js/BlobBuilder.js
HTTP_REFERER=http://52.172.210.251/kritvapms/index.php/Setgoals
---
2017/08/02 13:39:04 [error] [exception.CHttpException.404] CHttpException: Unable to resolve the request "libs/Blob.js/BlobBuilder.js". in /var/www/html/kritvapms/framework/web/CWebApplication.php:286
Stack trace:
#0 /var/www/html/kritvapms/framework/web/CWebApplication.php(141): CWebApplication->runController('libs/Blob.js/Bl...')
#1 /var/www/html/kritvapms/framework/base/CApplication.php(185): CWebApplication->processRequest()
#2 /var/www/html/kritvapms/index.php(14): CApplication->run()
#3 {main}
REQUEST_URI=/kritvapms/index.php/libs/Blob.js/BlobBuilder.js
HTTP_REFERER=http://52.172.210.251/kritvapms/index.php/Setgoals
---
2017/08/02 13:39:06 [error] [exception.CHttpException.404] CHttpException: Unable to resolve the request "libs/Blob.js/BlobBuilder.js". in /var/www/html/kritvapms/framework/web/CWebApplication.php:286
Stack trace:
#0 /var/www/html/kritvapms/framework/web/CWebApplication.php(141): CWebApplication->runController('libs/Blob.js/Bl...')
#1 /var/www/html/kritvapms/framework/base/CApplication.php(185): CWebApplication->processRequest()
#2 /var/www/html/kritvapms/index.php(14): CApplication->run()
#3 {main}
REQUEST_URI=/kritvapms/index.php/libs/Blob.js/BlobBuilder.js
HTTP_REFERER=http://52.172.210.251/kritvapms/index.php/Setgoals
---
2017/08/02 13:42:48 [error] [system.db.CDbCommand] CDbCommand::execute() failed: SQLSTATE[23000]: Integrity constraint violation: 1048 Column 'Employee_id' cannot be null. The SQL statement executed was: INSERT INTO KPI_structure(KPI_id, target, target_value1, KPI_target_value,target_unit,KRA_category,KRA_description,kpi_list,KRA_date,KRA_status,appraisal_id1,Employee_id,kra_complete_flag) VALUES(:KPI_id, :target, :target_value1, :KPI_target_value,:target_unit,:KRA_category,:KRA_description,:kpi_list,:KRA_date,:KRA_status,:appraisal_id1,:Employee_id,:kra_complete_flag).
2017/08/02 13:42:48 [error] [exception.CDbException] CDbException: CDbCommand failed to execute the SQL statement: SQLSTATE[23000]: Integrity constraint violation: 1048 Column 'Employee_id' cannot be null in /var/www/html/kritvapms/framework/db/CDbCommand.php:358
Stack trace:
#0 /var/www/html/kritvapms/protected/controllers/SetgoalsController.php(355): CDbCommand->execute()
#1 /var/www/html/kritvapms/framework/web/actions/CInlineAction.php(49): SetgoalsController->actionsave_kpi()
#2 /var/www/html/kritvapms/framework/web/CController.php(308): CInlineAction->runWithParams(Array)
#3 /var/www/html/kritvapms/framework/web/CController.php(286): CController->runAction(Object(CInlineAction))
#4 /var/www/html/kritvapms/framework/web/CController.php(265): CController->runActionWithFilters(Object(CInlineAction), Array)
#5 /var/www/html/kritvapms/framework/web/CWebApplication.php(282): CController->run('save_kpi')
#6 /var/www/html/kritvapms/framework/web/CWebApplication.php(141): CWebApplication->runController('setgoals/save_k...')
#7 /var/www/html/kritvapms/framework/base/CApplication.php(185): CWebApplication->processRequest()
#8 /var/www/html/kritvapms/index.php(14): CApplication->run()
#9 {main}
REQUEST_URI=/kritvapms/index.php?r=setgoals/save_kpi
HTTP_REFERER=http://52.172.210.251/kritvapms/index.php/Setgoals
---
2017/08/02 13:42:48 [error] [system.db.CDbCommand] CDbCommand::execute() failed: SQLSTATE[23000]: Integrity constraint violation: 1048 Column 'Employee_id' cannot be null. The SQL statement executed was: INSERT INTO KPI_structure(KPI_id, target, target_value1, KPI_target_value,target_unit,KRA_category,KRA_description,kpi_list,KRA_date,KRA_status,appraisal_id1,Employee_id,kra_complete_flag) VALUES(:KPI_id, :target, :target_value1, :KPI_target_value,:target_unit,:KRA_category,:KRA_description,:kpi_list,:KRA_date,:KRA_status,:appraisal_id1,:Employee_id,:kra_complete_flag).
2017/08/02 13:42:48 [error] [exception.CDbException] CDbException: CDbCommand failed to execute the SQL statement: SQLSTATE[23000]: Integrity constraint violation: 1048 Column 'Employee_id' cannot be null in /var/www/html/kritvapms/framework/db/CDbCommand.php:358
Stack trace:
#0 /var/www/html/kritvapms/protected/controllers/SetgoalsController.php(355): CDbCommand->execute()
#1 /var/www/html/kritvapms/framework/web/actions/CInlineAction.php(49): SetgoalsController->actionsave_kpi()
#2 /var/www/html/kritvapms/framework/web/CController.php(308): CInlineAction->runWithParams(Array)
#3 /var/www/html/kritvapms/framework/web/CController.php(286): CController->runAction(Object(CInlineAction))
#4 /var/www/html/kritvapms/framework/web/CController.php(265): CController->runActionWithFilters(Object(CInlineAction), Array)
#5 /var/www/html/kritvapms/framework/web/CWebApplication.php(282): CController->run('save_kpi')
#6 /var/www/html/kritvapms/framework/web/CWebApplication.php(141): CWebApplication->runController('setgoals/save_k...')
#7 /var/www/html/kritvapms/framework/base/CApplication.php(185): CWebApplication->processRequest()
#8 /var/www/html/kritvapms/index.php(14): CApplication->run()
#9 {main}
REQUEST_URI=/kritvapms/index.php?r=setgoals/save_kpi
HTTP_REFERER=http://52.172.210.251/kritvapms/index.php/Setgoals
---
2017/08/02 13:42:48 [error] [system.db.CDbCommand] CDbCommand::execute() failed: SQLSTATE[23000]: Integrity constraint violation: 1048 Column 'Employee_id' cannot be null. The SQL statement executed was: INSERT INTO KPI_structure(KPI_id, target, target_value1, KPI_target_value,target_unit,KRA_category,KRA_description,kpi_list,KRA_date,KRA_status,appraisal_id1,Employee_id,kra_complete_flag) VALUES(:KPI_id, :target, :target_value1, :KPI_target_value,:target_unit,:KRA_category,:KRA_description,:kpi_list,:KRA_date,:KRA_status,:appraisal_id1,:Employee_id,:kra_complete_flag).
2017/08/02 13:42:48 [error] [exception.CDbException] CDbException: CDbCommand failed to execute the SQL statement: SQLSTATE[23000]: Integrity constraint violation: 1048 Column 'Employee_id' cannot be null in /var/www/html/kritvapms/framework/db/CDbCommand.php:358
Stack trace:
#0 /var/www/html/kritvapms/protected/controllers/SetgoalsController.php(355): CDbCommand->execute()
#1 /var/www/html/kritvapms/framework/web/actions/CInlineAction.php(49): SetgoalsController->actionsave_kpi()
#2 /var/www/html/kritvapms/framework/web/CController.php(308): CInlineAction->runWithParams(Array)
#3 /var/www/html/kritvapms/framework/web/CController.php(286): CController->runAction(Object(CInlineAction))
#4 /var/www/html/kritvapms/framework/web/CController.php(265): CController->runActionWithFilters(Object(CInlineAction), Array)
#5 /var/www/html/kritvapms/framework/web/CWebApplication.php(282): CController->run('save_kpi')
#6 /var/www/html/kritvapms/framework/web/CWebApplication.php(141): CWebApplication->runController('setgoals/save_k...')
#7 /var/www/html/kritvapms/framework/base/CApplication.php(185): CWebApplication->processRequest()
#8 /var/www/html/kritvapms/index.php(14): CApplication->run()
#9 {main}
REQUEST_URI=/kritvapms/index.php?r=setgoals/save_kpi
HTTP_REFERER=http://52.172.210.251/kritvapms/index.php/Setgoals
---
2017/08/02 13:42:48 [error] [system.db.CDbCommand] CDbCommand::execute() failed: SQLSTATE[23000]: Integrity constraint violation: 1048 Column 'Employee_id' cannot be null. The SQL statement executed was: INSERT INTO KPI_structure(KPI_id, target, target_value1, KPI_target_value,target_unit,KRA_category,KRA_description,kpi_list,KRA_date,KRA_status,appraisal_id1,Employee_id,kra_complete_flag) VALUES(:KPI_id, :target, :target_value1, :KPI_target_value,:target_unit,:KRA_category,:KRA_description,:kpi_list,:KRA_date,:KRA_status,:appraisal_id1,:Employee_id,:kra_complete_flag).
2017/08/02 13:42:48 [error] [exception.CDbException] CDbException: CDbCommand failed to execute the SQL statement: SQLSTATE[23000]: Integrity constraint violation: 1048 Column 'Employee_id' cannot be null in /var/www/html/kritvapms/framework/db/CDbCommand.php:358
Stack trace:
#0 /var/www/html/kritvapms/protected/controllers/SetgoalsController.php(355): CDbCommand->execute()
#1 /var/www/html/kritvapms/framework/web/actions/CInlineAction.php(49): SetgoalsController->actionsave_kpi()
#2 /var/www/html/kritvapms/framework/web/CController.php(308): CInlineAction->runWithParams(Array)
#3 /var/www/html/kritvapms/framework/web/CController.php(286): CController->runAction(Object(CInlineAction))
#4 /var/www/html/kritvapms/framework/web/CController.php(265): CController->runActionWithFilters(Object(CInlineAction), Array)
#5 /var/www/html/kritvapms/framework/web/CWebApplication.php(282): CController->run('save_kpi')
#6 /var/www/html/kritvapms/framework/web/CWebApplication.php(141): CWebApplication->runController('setgoals/save_k...')
#7 /var/www/html/kritvapms/framework/base/CApplication.php(185): CWebApplication->processRequest()
#8 /var/www/html/kritvapms/index.php(14): CApplication->run()
#9 {main}
REQUEST_URI=/kritvapms/index.php?r=setgoals/save_kpi
HTTP_REFERER=http://52.172.210.251/kritvapms/index.php/Setgoals
---
2017/08/02 13:42:49 [error] [system.db.CDbCommand] CDbCommand::execute() failed: SQLSTATE[23000]: Integrity constraint violation: 1048 Column 'Employee_id' cannot be null. The SQL statement executed was: INSERT INTO KPI_structure(KPI_id, target, target_value1, KPI_target_value,target_unit,KRA_category,KRA_description,kpi_list,KRA_date,KRA_status,appraisal_id1,Employee_id,kra_complete_flag) VALUES(:KPI_id, :target, :target_value1, :KPI_target_value,:target_unit,:KRA_category,:KRA_description,:kpi_list,:KRA_date,:KRA_status,:appraisal_id1,:Employee_id,:kra_complete_flag).
2017/08/02 13:42:49 [error] [exception.CDbException] CDbException: CDbCommand failed to execute the SQL statement: SQLSTATE[23000]: Integrity constraint violation: 1048 Column 'Employee_id' cannot be null in /var/www/html/kritvapms/framework/db/CDbCommand.php:358
Stack trace:
#0 /var/www/html/kritvapms/protected/controllers/SetgoalsController.php(355): CDbCommand->execute()
#1 /var/www/html/kritvapms/framework/web/actions/CInlineAction.php(49): SetgoalsController->actionsave_kpi()
#2 /var/www/html/kritvapms/framework/web/CController.php(308): CInlineAction->runWithParams(Array)
#3 /var/www/html/kritvapms/framework/web/CController.php(286): CController->runAction(Object(CInlineAction))
#4 /var/www/html/kritvapms/framework/web/CController.php(265): CController->runActionWithFilters(Object(CInlineAction), Array)
#5 /var/www/html/kritvapms/framework/web/CWebApplication.php(282): CController->run('save_kpi')
#6 /var/www/html/kritvapms/framework/web/CWebApplication.php(141): CWebApplication->runController('setgoals/save_k...')
#7 /var/www/html/kritvapms/framework/base/CApplication.php(185): CWebApplication->processRequest()
#8 /var/www/html/kritvapms/index.php(14): CApplication->run()
#9 {main}
REQUEST_URI=/kritvapms/index.php?r=setgoals/save_kpi
HTTP_REFERER=http://52.172.210.251/kritvapms/index.php/Setgoals
---
2017/08/02 13:42:49 [error] [system.db.CDbCommand] CDbCommand::execute() failed: SQLSTATE[23000]: Integrity constraint violation: 1048 Column 'Employee_id' cannot be null. The SQL statement executed was: INSERT INTO KPI_structure(KPI_id, target, target_value1, KPI_target_value,target_unit,KRA_category,KRA_description,kpi_list,KRA_date,KRA_status,appraisal_id1,Employee_id,kra_complete_flag) VALUES(:KPI_id, :target, :target_value1, :KPI_target_value,:target_unit,:KRA_category,:KRA_description,:kpi_list,:KRA_date,:KRA_status,:appraisal_id1,:Employee_id,:kra_complete_flag).
2017/08/02 13:42:49 [error] [exception.CDbException] CDbException: CDbCommand failed to execute the SQL statement: SQLSTATE[23000]: Integrity constraint violation: 1048 Column 'Employee_id' cannot be null in /var/www/html/kritvapms/framework/db/CDbCommand.php:358
Stack trace:
#0 /var/www/html/kritvapms/protected/controllers/SetgoalsController.php(355): CDbCommand->execute()
#1 /var/www/html/kritvapms/framework/web/actions/CInlineAction.php(49): SetgoalsController->actionsave_kpi()
#2 /var/www/html/kritvapms/framework/web/CController.php(308): CInlineAction->runWithParams(Array)
#3 /var/www/html/kritvapms/framework/web/CController.php(286): CController->runAction(Object(CInlineAction))
#4 /var/www/html/kritvapms/framework/web/CController.php(265): CController->runActionWithFilters(Object(CInlineAction), Array)
#5 /var/www/html/kritvapms/framework/web/CWebApplication.php(282): CController->run('save_kpi')
#6 /var/www/html/kritvapms/framework/web/CWebApplication.php(141): CWebApplication->runController('setgoals/save_k...')
#7 /var/www/html/kritvapms/framework/base/CApplication.php(185): CWebApplication->processRequest()
#8 /var/www/html/kritvapms/index.php(14): CApplication->run()
#9 {main}
REQUEST_URI=/kritvapms/index.php?r=setgoals/save_kpi
HTTP_REFERER=http://52.172.210.251/kritvapms/index.php/Setgoals
---
2017/08/02 13:42:49 [error] [system.db.CDbCommand] CDbCommand::execute() failed: SQLSTATE[23000]: Integrity constraint violation: 1048 Column 'Employee_id' cannot be null. The SQL statement executed was: INSERT INTO KPI_structure(KPI_id, target, target_value1, KPI_target_value,target_unit,KRA_category,KRA_description,kpi_list,KRA_date,KRA_status,appraisal_id1,Employee_id,kra_complete_flag) VALUES(:KPI_id, :target, :target_value1, :KPI_target_value,:target_unit,:KRA_category,:KRA_description,:kpi_list,:KRA_date,:KRA_status,:appraisal_id1,:Employee_id,:kra_complete_flag).
2017/08/02 13:42:49 [error] [exception.CDbException] CDbException: CDbCommand failed to execute the SQL statement: SQLSTATE[23000]: Integrity constraint violation: 1048 Column 'Employee_id' cannot be null in /var/www/html/kritvapms/framework/db/CDbCommand.php:358
Stack trace:
#0 /var/www/html/kritvapms/protected/controllers/SetgoalsController.php(355): CDbCommand->execute()
#1 /var/www/html/kritvapms/framework/web/actions/CInlineAction.php(49): SetgoalsController->actionsave_kpi()
#2 /var/www/html/kritvapms/framework/web/CController.php(308): CInlineAction->runWithParams(Array)
#3 /var/www/html/kritvapms/framework/web/CController.php(286): CController->runAction(Object(CInlineAction))
#4 /var/www/html/kritvapms/framework/web/CController.php(265): CController->runActionWithFilters(Object(CInlineAction), Array)
#5 /var/www/html/kritvapms/framework/web/CWebApplication.php(282): CController->run('save_kpi')
#6 /var/www/html/kritvapms/framework/web/CWebApplication.php(141): CWebApplication->runController('setgoals/save_k...')
#7 /var/www/html/kritvapms/framework/base/CApplication.php(185): CWebApplication->processRequest()
#8 /var/www/html/kritvapms/index.php(14): CApplication->run()
#9 {main}
REQUEST_URI=/kritvapms/index.php?r=setgoals/save_kpi
HTTP_REFERER=http://52.172.210.251/kritvapms/index.php/Setgoals
---
2017/08/02 14:37:16 [error] [php] Undefined offset: 0 (/var/www/html/kritvapms/protected/controllers/User_dashboardController.php:72)
Stack trace:
#0 /var/www/html/kritvapms/framework/web/CController.php(286): User_dashboardController->runAction()
#1 /var/www/html/kritvapms/framework/web/CController.php(265): User_dashboardController->runActionWithFilters()
#2 /var/www/html/kritvapms/framework/web/CWebApplication.php(282): User_dashboardController->run()
#3 /var/www/html/kritvapms/framework/web/CWebApplication.php(141): CWebApplication->runController()
#4 /var/www/html/kritvapms/framework/base/CApplication.php(185): CWebApplication->processRequest()
#5 /var/www/html/kritvapms/index.php(14): CWebApplication->run()
REQUEST_URI=/kritvapms/index.php/User_dashboard
2017/08/02 14:40:41 [error] [exception.CHttpException.404] CHttpException: Unable to resolve the request "libs/Blob.js/BlobBuilder.js". in /var/www/html/kritvapms/framework/web/CWebApplication.php:286
Stack trace:
#0 /var/www/html/kritvapms/framework/web/CWebApplication.php(141): CWebApplication->runController('libs/Blob.js/Bl...')
#1 /var/www/html/kritvapms/framework/base/CApplication.php(185): CWebApplication->processRequest()
#2 /var/www/html/kritvapms/index.php(14): CApplication->run()
#3 {main}
REQUEST_URI=/kritvapms/index.php/libs/Blob.js/BlobBuilder.js
HTTP_REFERER=http://52.172.210.251/kritvapms/index.php/Setgoals
---
2017/08/02 14:40:42 [error] [exception.CHttpException.404] CHttpException: Unable to resolve the request "libs/Blob.js/BlobBuilder.js". in /var/www/html/kritvapms/framework/web/CWebApplication.php:286
Stack trace:
#0 /var/www/html/kritvapms/framework/web/CWebApplication.php(141): CWebApplication->runController('libs/Blob.js/Bl...')
#1 /var/www/html/kritvapms/framework/base/CApplication.php(185): CWebApplication->processRequest()
#2 /var/www/html/kritvapms/index.php(14): CApplication->run()
#3 {main}
REQUEST_URI=/kritvapms/index.php/libs/Blob.js/BlobBuilder.js
HTTP_REFERER=http://52.172.210.251/kritvapms/index.php/Setgoals
---
2017/08/02 14:43:41 [error] [exception.CHttpException.404] CHttpException: Unable to resolve the request "libs/Blob.js/BlobBuilder.js". in /var/www/html/kritvapms/framework/web/CWebApplication.php:286
Stack trace:
#0 /var/www/html/kritvapms/framework/web/CWebApplication.php(141): CWebApplication->runController('libs/Blob.js/Bl...')
#1 /var/www/html/kritvapms/framework/base/CApplication.php(185): CWebApplication->processRequest()
#2 /var/www/html/kritvapms/index.php(14): CApplication->run()
#3 {main}
REQUEST_URI=/kritvapms/index.php/libs/Blob.js/BlobBuilder.js
HTTP_REFERER=http://52.172.210.251/kritvapms/index.php/Setgoals
---
2017/08/02 14:44:13 [error] [php] Undefined offset: 0 (/var/www/html/kritvapms/protected/controllers/SetgoalsController.php:62)
Stack trace:
#0 /var/www/html/kritvapms/framework/web/CController.php(286): SetgoalsController->runAction()
#1 /var/www/html/kritvapms/framework/web/CController.php(265): SetgoalsController->runActionWithFilters()
#2 /var/www/html/kritvapms/framework/web/CWebApplication.php(282): SetgoalsController->run()
#3 /var/www/html/kritvapms/framework/web/CWebApplication.php(141): CWebApplication->runController()
#4 /var/www/html/kritvapms/framework/base/CApplication.php(185): CWebApplication->processRequest()
#5 /var/www/html/kritvapms/index.php(14): CWebApplication->run()
REQUEST_URI=/kritvapms/index.php/Setgoals
2017/08/02 14:44:13 [error] [php] Undefined offset: 0 (/var/www/html/kritvapms/protected/controllers/SetgoalsController.php:62)
Stack trace:
#0 /var/www/html/kritvapms/framework/web/CController.php(286): SetgoalsController->runAction()
#1 /var/www/html/kritvapms/framework/web/CController.php(265): SetgoalsController->runActionWithFilters()
#2 /var/www/html/kritvapms/framework/web/CWebApplication.php(282): SetgoalsController->run()
#3 /var/www/html/kritvapms/framework/web/CWebApplication.php(141): CWebApplication->runController()
#4 /var/www/html/kritvapms/framework/base/CApplication.php(185): CWebApplication->processRequest()
#5 /var/www/html/kritvapms/index.php(14): CWebApplication->run()
REQUEST_URI=/kritvapms/index.php/Setgoals
2017/08/02 14:44:14 [error] [php] Undefined offset: 0 (/var/www/html/kritvapms/protected/controllers/SetgoalsController.php:62)
Stack trace:
#0 /var/www/html/kritvapms/framework/web/CController.php(286): SetgoalsController->runAction()
#1 /var/www/html/kritvapms/framework/web/CController.php(265): SetgoalsController->runActionWithFilters()
#2 /var/www/html/kritvapms/framework/web/CWebApplication.php(282): SetgoalsController->run()
#3 /var/www/html/kritvapms/framework/web/CWebApplication.php(141): CWebApplication->runController()
#4 /var/www/html/kritvapms/framework/base/CApplication.php(185): CWebApplication->processRequest()
#5 /var/www/html/kritvapms/index.php(14): CWebApplication->run()
REQUEST_URI=/kritvapms/index.php/Setgoals
2017/08/02 14:44:15 [error] [php] Undefined offset: 0 (/var/www/html/kritvapms/protected/controllers/SetgoalsController.php:62)
Stack trace:
#0 /var/www/html/kritvapms/framework/web/CController.php(286): SetgoalsController->runAction()
#1 /var/www/html/kritvapms/framework/web/CController.php(265): SetgoalsController->runActionWithFilters()
#2 /var/www/html/kritvapms/framework/web/CWebApplication.php(282): SetgoalsController->run()
#3 /var/www/html/kritvapms/framework/web/CWebApplication.php(141): CWebApplication->runController()
#4 /var/www/html/kritvapms/framework/base/CApplication.php(185): CWebApplication->processRequest()
#5 /var/www/html/kritvapms/index.php(14): CWebApplication->run()
REQUEST_URI=/kritvapms/index.php/Setgoals
2017/08/02 14:44:15 [error] [php] Undefined offset: 0 (/var/www/html/kritvapms/protected/controllers/SetgoalsController.php:62)
Stack trace:
#0 /var/www/html/kritvapms/framework/web/CController.php(286): SetgoalsController->runAction()
#1 /var/www/html/kritvapms/framework/web/CController.php(265): SetgoalsController->runActionWithFilters()
#2 /var/www/html/kritvapms/framework/web/CWebApplication.php(282): SetgoalsController->run()
#3 /var/www/html/kritvapms/framework/web/CWebApplication.php(141): CWebApplication->runController()
#4 /var/www/html/kritvapms/framework/base/CApplication.php(185): CWebApplication->processRequest()
#5 /var/www/html/kritvapms/index.php(14): CWebApplication->run()
REQUEST_URI=/kritvapms/index.php/Setgoals
2017/08/02 14:44:16 [error] [php] Undefined offset: 0 (/var/www/html/kritvapms/protected/controllers/SetgoalsController.php:62)
Stack trace:
#0 /var/www/html/kritvapms/framework/web/CController.php(286): SetgoalsController->runAction()
#1 /var/www/html/kritvapms/framework/web/CController.php(265): SetgoalsController->runActionWithFilters()
#2 /var/www/html/kritvapms/framework/web/CWebApplication.php(282): SetgoalsController->run()
#3 /var/www/html/kritvapms/framework/web/CWebApplication.php(141): CWebApplication->runController()
#4 /var/www/html/kritvapms/framework/base/CApplication.php(185): CWebApplication->processRequest()
#5 /var/www/html/kritvapms/index.php(14): CWebApplication->run()
REQUEST_URI=/kritvapms/index.php/Setgoals
2017/08/02 14:44:16 [error] [php] Undefined offset: 0 (/var/www/html/kritvapms/protected/controllers/SetgoalsController.php:62)
Stack trace:
#0 /var/www/html/kritvapms/framework/web/CController.php(286): SetgoalsController->runAction()
#1 /var/www/html/kritvapms/framework/web/CController.php(265): SetgoalsController->runActionWithFilters()
#2 /var/www/html/kritvapms/framework/web/CWebApplication.php(282): SetgoalsController->run()
#3 /var/www/html/kritvapms/framework/web/CWebApplication.php(141): CWebApplication->runController()
#4 /var/www/html/kritvapms/framework/base/CApplication.php(185): CWebApplication->processRequest()
#5 /var/www/html/kritvapms/index.php(14): CWebApplication->run()
REQUEST_URI=/kritvapms/index.php/Setgoals
2017/08/02 14:44:17 [error] [php] Undefined offset: 0 (/var/www/html/kritvapms/protected/controllers/SetgoalsController.php:62)
Stack trace:
#0 /var/www/html/kritvapms/framework/web/CController.php(286): SetgoalsController->runAction()
#1 /var/www/html/kritvapms/framework/web/CController.php(265): SetgoalsController->runActionWithFilters()
#2 /var/www/html/kritvapms/framework/web/CWebApplication.php(282): SetgoalsController->run()
#3 /var/www/html/kritvapms/framework/web/CWebApplication.php(141): CWebApplication->runController()
#4 /var/www/html/kritvapms/framework/base/CApplication.php(185): CWebApplication->processRequest()
#5 /var/www/html/kritvapms/index.php(14): CWebApplication->run()
REQUEST_URI=/kritvapms/index.php/Setgoals
2017/08/02 14:44:17 [error] [php] Undefined offset: 0 (/var/www/html/kritvapms/protected/controllers/SetgoalsController.php:62)
Stack trace:
#0 /var/www/html/kritvapms/framework/web/CController.php(286): SetgoalsController->runAction()
#1 /var/www/html/kritvapms/framework/web/CController.php(265): SetgoalsController->runActionWithFilters()
#2 /var/www/html/kritvapms/framework/web/CWebApplication.php(282): SetgoalsController->run()
#3 /var/www/html/kritvapms/framework/web/CWebApplication.php(141): CWebApplication->runController()
#4 /var/www/html/kritvapms/framework/base/CApplication.php(185): CWebApplication->processRequest()
#5 /var/www/html/kritvapms/index.php(14): CWebApplication->run()
REQUEST_URI=/kritvapms/index.php/Setgoals
2017/08/02 14:44:18 [error] [php] Undefined offset: 0 (/var/www/html/kritvapms/protected/controllers/SetgoalsController.php:62)
Stack trace:
#0 /var/www/html/kritvapms/framework/web/CController.php(286): SetgoalsController->runAction()
#1 /var/www/html/kritvapms/framework/web/CController.php(265): SetgoalsController->runActionWithFilters()
#2 /var/www/html/kritvapms/framework/web/CWebApplication.php(282): SetgoalsController->run()
#3 /var/www/html/kritvapms/framework/web/CWebApplication.php(141): CWebApplication->runController()
#4 /var/www/html/kritvapms/framework/base/CApplication.php(185): CWebApplication->processRequest()
#5 /var/www/html/kritvapms/index.php(14): CWebApplication->run()
REQUEST_URI=/kritvapms/index.php/Setgoals
2017/08/02 14:44:18 [error] [php] Undefined offset: 0 (/var/www/html/kritvapms/protected/controllers/SetgoalsController.php:62)
Stack trace:
#0 /var/www/html/kritvapms/framework/web/CController.php(286): SetgoalsController->runAction()
#1 /var/www/html/kritvapms/framework/web/CController.php(265): SetgoalsController->runActionWithFilters()
#2 /var/www/html/kritvapms/framework/web/CWebApplication.php(282): SetgoalsController->run()
#3 /var/www/html/kritvapms/framework/web/CWebApplication.php(141): CWebApplication->runController()
#4 /var/www/html/kritvapms/framework/base/CApplication.php(185): CWebApplication->processRequest()
#5 /var/www/html/kritvapms/index.php(14): CWebApplication->run()
REQUEST_URI=/kritvapms/index.php/Setgoals
2017/08/02 14:44:19 [error] [php] Undefined offset: 0 (/var/www/html/kritvapms/protected/controllers/SetgoalsController.php:62)
Stack trace:
#0 /var/www/html/kritvapms/framework/web/CController.php(286): SetgoalsController->runAction()
#1 /var/www/html/kritvapms/framework/web/CController.php(265): SetgoalsController->runActionWithFilters()
#2 /var/www/html/kritvapms/framework/web/CWebApplication.php(282): SetgoalsController->run()
#3 /var/www/html/kritvapms/framework/web/CWebApplication.php(141): CWebApplication->runController()
#4 /var/www/html/kritvapms/framework/base/CApplication.php(185): CWebApplication->processRequest()
#5 /var/www/html/kritvapms/index.php(14): CWebApplication->run()
REQUEST_URI=/kritvapms/index.php/Setgoals
2017/08/02 14:44:19 [error] [php] Undefined offset: 0 (/var/www/html/kritvapms/protected/controllers/SetgoalsController.php:62)
Stack trace:
#0 /var/www/html/kritvapms/framework/web/CController.php(286): SetgoalsController->runAction()
#1 /var/www/html/kritvapms/framework/web/CController.php(265): SetgoalsController->runActionWithFilters()
#2 /var/www/html/kritvapms/framework/web/CWebApplication.php(282): SetgoalsController->run()
#3 /var/www/html/kritvapms/framework/web/CWebApplication.php(141): CWebApplication->runController()
#4 /var/www/html/kritvapms/framework/base/CApplication.php(185): CWebApplication->processRequest()
#5 /var/www/html/kritvapms/index.php(14): CWebApplication->run()
REQUEST_URI=/kritvapms/index.php/Setgoals
2017/08/02 14:44:20 [error] [php] Undefined offset: 0 (/var/www/html/kritvapms/protected/controllers/SetgoalsController.php:62)
Stack trace:
#0 /var/www/html/kritvapms/framework/web/CController.php(286): SetgoalsController->runAction()
#1 /var/www/html/kritvapms/framework/web/CController.php(265): SetgoalsController->runActionWithFilters()
#2 /var/www/html/kritvapms/framework/web/CWebApplication.php(282): SetgoalsController->run()
#3 /var/www/html/kritvapms/framework/web/CWebApplication.php(141): CWebApplication->runController()
#4 /var/www/html/kritvapms/framework/base/CApplication.php(185): CWebApplication->processRequest()
#5 /var/www/html/kritvapms/index.php(14): CWebApplication->run()
REQUEST_URI=/kritvapms/index.php/Setgoals
2017/08/02 14:44:20 [error] [php] Undefined offset: 0 (/var/www/html/kritvapms/protected/controllers/SetgoalsController.php:62)
Stack trace:
#0 /var/www/html/kritvapms/framework/web/CController.php(286): SetgoalsController->runAction()
#1 /var/www/html/kritvapms/framework/web/CController.php(265): SetgoalsController->runActionWithFilters()
#2 /var/www/html/kritvapms/framework/web/CWebApplication.php(282): SetgoalsController->run()
#3 /var/www/html/kritvapms/framework/web/CWebApplication.php(141): CWebApplication->runController()
#4 /var/www/html/kritvapms/framework/base/CApplication.php(185): CWebApplication->processRequest()
#5 /var/www/html/kritvapms/index.php(14): CWebApplication->run()
REQUEST_URI=/kritvapms/index.php/Setgoals
2017/08/02 14:44:21 [error] [php] Undefined offset: 0 (/var/www/html/kritvapms/protected/controllers/SetgoalsController.php:62)
Stack trace:
#0 /var/www/html/kritvapms/framework/web/CController.php(286): SetgoalsController->runAction()
#1 /var/www/html/kritvapms/framework/web/CController.php(265): SetgoalsController->runActionWithFilters()
#2 /var/www/html/kritvapms/framework/web/CWebApplication.php(282): SetgoalsController->run()
#3 /var/www/html/kritvapms/framework/web/CWebApplication.php(141): CWebApplication->runController()
#4 /var/www/html/kritvapms/framework/base/CApplication.php(185): CWebApplication->processRequest()
#5 /var/www/html/kritvapms/index.php(14): CWebApplication->run()
REQUEST_URI=/kritvapms/index.php/Setgoals
2017/08/02 14:44:21 [error] [php] Undefined offset: 0 (/var/www/html/kritvapms/protected/controllers/SetgoalsController.php:62)
Stack trace:
#0 /var/www/html/kritvapms/framework/web/CController.php(286): SetgoalsController->runAction()
#1 /var/www/html/kritvapms/framework/web/CController.php(265): SetgoalsController->runActionWithFilters()
#2 /var/www/html/kritvapms/framework/web/CWebApplication.php(282): SetgoalsController->run()
#3 /var/www/html/kritvapms/framework/web/CWebApplication.php(141): CWebApplication->runController()
#4 /var/www/html/kritvapms/framework/base/CApplication.php(185): CWebApplication->processRequest()
#5 /var/www/html/kritvapms/index.php(14): CWebApplication->run()
REQUEST_URI=/kritvapms/index.php/Setgoals
2017/08/02 14:44:22 [error] [php] Undefined offset: 0 (/var/www/html/kritvapms/protected/controllers/SetgoalsController.php:62)
Stack trace:
#0 /var/www/html/kritvapms/framework/web/CController.php(286): SetgoalsController->runAction()
#1 /var/www/html/kritvapms/framework/web/CController.php(265): SetgoalsController->runActionWithFilters()
#2 /var/www/html/kritvapms/framework/web/CWebApplication.php(282): SetgoalsController->run()
#3 /var/www/html/kritvapms/framework/web/CWebApplication.php(141): CWebApplication->runController()
#4 /var/www/html/kritvapms/framework/base/CApplication.php(185): CWebApplication->processRequest()
#5 /var/www/html/kritvapms/index.php(14): CWebApplication->run()
REQUEST_URI=/kritvapms/index.php/Setgoals
2017/08/02 14:44:22 [error] [php] Undefined offset: 0 (/var/www/html/kritvapms/protected/controllers/SetgoalsController.php:62)
Stack trace:
#0 /var/www/html/kritvapms/framework/web/CController.php(286): SetgoalsController->runAction()
#1 /var/www/html/kritvapms/framework/web/CController.php(265): SetgoalsController->runActionWithFilters()
#2 /var/www/html/kritvapms/framework/web/CWebApplication.php(282): SetgoalsController->run()
#3 /var/www/html/kritvapms/framework/web/CWebApplication.php(141): CWebApplication->runController()
#4 /var/www/html/kritvapms/framework/base/CApplication.php(185): CWebApplication->processRequest()
#5 /var/www/html/kritvapms/index.php(14): CWebApplication->run()
REQUEST_URI=/kritvapms/index.php/Setgoals
2017/08/02 14:44:23 [error] [php] Undefined offset: 0 (/var/www/html/kritvapms/protected/controllers/SetgoalsController.php:62)
Stack trace:
#0 /var/www/html/kritvapms/framework/web/CController.php(286): SetgoalsController->runAction()
#1 /var/www/html/kritvapms/framework/web/CController.php(265): SetgoalsController->runActionWithFilters()
#2 /var/www/html/kritvapms/framework/web/CWebApplication.php(282): SetgoalsController->run()
#3 /var/www/html/kritvapms/framework/web/CWebApplication.php(141): CWebApplication->runController()
#4 /var/www/html/kritvapms/framework/base/CApplication.php(185): CWebApplication->processRequest()
#5 /var/www/html/kritvapms/index.php(14): CWebApplication->run()
REQUEST_URI=/kritvapms/index.php/Setgoals
2017/08/02 14:46:45 [error] [php] Undefined offset: 0 (/var/www/html/kritvapms/protected/controllers/Quater1Controller.php:371)
Stack trace:
#0 /var/www/html/kritvapms/framework/web/CController.php(286): Quater1Controller->runAction()
#1 /var/www/html/kritvapms/framework/web/CController.php(265): Quater1Controller->runActionWithFilters()
#2 /var/www/html/kritvapms/framework/web/CWebApplication.php(282): Quater1Controller->run()
#3 /var/www/html/kritvapms/framework/web/CWebApplication.php(141): CWebApplication->runController()
#4 /var/www/html/kritvapms/framework/base/CApplication.php(185): CWebApplication->processRequest()
#5 /var/www/html/kritvapms/index.php(14): CWebApplication->run()
REQUEST_URI=/kritvapms/index.php/Quater1/setbyemployee
2017/08/02 14:48:33 [error] [exception.CHttpException.404] CHttpException: Unable to resolve the request "libs/Blob.js/BlobBuilder.js". in /var/www/html/kritvapms/framework/web/CWebApplication.php:286
Stack trace:
#0 /var/www/html/kritvapms/framework/web/CWebApplication.php(141): CWebApplication->runController('libs/Blob.js/Bl...')
#1 /var/www/html/kritvapms/framework/base/CApplication.php(185): CWebApplication->processRequest()
#2 /var/www/html/kritvapms/index.php(14): CApplication->run()
#3 {main}
REQUEST_URI=/kritvapms/index.php/libs/Blob.js/BlobBuilder.js
HTTP_REFERER=http://52.172.210.251/kritvapms/index.php/Setgoals
---
2017/08/02 14:48:35 [error] [exception.CHttpException.404] CHttpException: Unable to resolve the request "libs/Blob.js/BlobBuilder.js". in /var/www/html/kritvapms/framework/web/CWebApplication.php:286
Stack trace:
#0 /var/www/html/kritvapms/framework/web/CWebApplication.php(141): CWebApplication->runController('libs/Blob.js/Bl...')
#1 /var/www/html/kritvapms/framework/base/CApplication.php(185): CWebApplication->processRequest()
#2 /var/www/html/kritvapms/index.php(14): CApplication->run()
#3 {main}
REQUEST_URI=/kritvapms/index.php/libs/Blob.js/BlobBuilder.js
HTTP_REFERER=http://52.172.210.251/kritvapms/index.php/Setgoals
---
